2023-08-18	21:55:11	37afa91e-610c-49ae-a612-8dae494f4b55	GET	/css/styles.css	undefined
2023-08-18	21:55:12	f44910d1-1421-4210-b936-07e69017d9f7	GET	/favicon.ico	undefined
2023-08-18	21:55:56	f63a6d4e-baca-4673-9e34-5fd5f0864f09	2023-08-18	22:38:09	add0677a-b7ba-40f2-b3e9-b76ea6fdd74a	POST	/notes	undefined
2023-08-18	22:50:18	8d1b818b-62b6-4494-a1b9-2a4c2100fbff	POST	/notes	undefined
2023-08-18	23:24:48	d24d27e6-f7e9-417f-b427-7c811eba43da	POST	/notes	undefined
2023-08-18	23:25:14	46e6ee3e-40f9-4c54-bc24-f78977179898	POST	/notes	undefined
2023-08-18	23:25:56	0255186e-0ea2-4350-b695-dcff1b0af942	POST	/notes	undefined
2023-08-18	23:27:08	bd7404f4-3c98-4a7a-b734-246973504c49	POST	/notes	undefined
2023-08-19	00:54:19	faf5008f-e1b7-4b6d-b9c3-f5490052699a	POST	/users	undefined
2023-08-19	00:54:27	00675d4c-b56a-442b-a3ad-a2f73abed32c	POST	/users	undefined
2023-08-19	00:54:34	7b6e9244-661d-4973-9ecf-bc689ed93fe4	POST	/users	undefined
2023-08-19	00:54:50	524693d2-9951-4720-bd3f-5f274fab63ea	POST	/users	undefined
2023-08-19	00:55:11	ce82e789-2833-4b0f-94dd-fadf68006c8a	POST	/users	undefined
2023-08-19	00:55:37	c36512a4-90a0-44e0-9e6a-f67f1806fd4a	POST	/users	undefined
2023-08-19	00:55:52	6e6db615-3344-41b0-8881-2df282d21605	POST	/users	undefined
2023-08-19	00:56:09	1aa45fe9-27fd-46e2-9cad-2af3d10d55df	POST	/users	undefined
2023-08-19	00:56:38	e2cd2740-99cb-4058-9474-bf1ede1ee1c7	GET	/users	undefined
2023-08-19	00:57:42	282dcb20-9f73-440e-a815-e2eb1c4fcbe4	POST	/notes	undefined
2023-08-19	00:58:10	dc256e1e-2541-4b44-aa68-6dbb29e11d04	GET	/users	undefined
2023-08-19	00:59:04	f47e1e5e-b049-4645-8a33-3b11ab17ef4b	POST	/notes	undefined
2023-08-19	00:59:55	f9ee680a-27f6-4d17-83e2-86d60caea3d1	POST	/notes	undefined
2023-08-19	01:01:14	17772300-bc9e-4391-a4c1-0309935a3ec3	POST	/notes	undefined
2023-08-19	01:01:40	f7825343-f870-4699-a607-5e979c396ad9	POST	/notes	undefined
2023-08-19	01:03:56	9621a229-51ab-4f91-9a37-f5055be8db1f	POST	/notes	undefined
2023-08-19	01:04:25	6a6455ec-19b8-41db-a394-a42448b23ad0	POST	/notes	undefined
2023-08-19	01:04:57	c25cf3c3-1fc3-4dc9-a525-d6b0562b277a	POST	/notes	undefined
2023-08-19	01:05:44	098e971f-11de-4e92-a59c-82cd9a582e4b	POST	/notes	undefined
2023-08-19	01:06:05	f04c93be-399d-47e8-bb5c-7a2723bfb1ec	POST	/notes	undefined
2023-08-19	01:06:34	993a28a8-9f40-4a68-a9c5-920ae2186544	POST	/notes	undefined
2023-08-19	01:07:13	ed4605ff-db80-42d3-8c28-1014ad58085d	POST	/notes	undefined
2023-08-19	01:07:46	0c6d7e66-9388-435a-acc6-f4b59b54c3dd	POST	/notes	undefined
2023-08-19	01:08:10	63dab05c-52dc-4915-80a8-253d4db6974e	GET	/notes	undefined
2023-08-19	01:08:48	83e21d23-8c7b-40e0-89b0-69904d9f8236	GET	/notes	undefined
2023-08-19	01:09:56	04407ba8-c8e3-49d7-afc9-23b9ac0a96a0	GET	/notes	undefined
2023-08-19	01:10:51	9fa07153-c822-41e8-8f13-1af8968ca25d	GET	/notes	undefined
2023-08-19	01:12:55	ad798fe7-28c9-4a77-b33a-31f545ec55f6	GET	/notes/64e006ec272542b2ef3c61e8	undefined
2023-08-19	01:13:29	1bf1a03e-1ee7-44c3-a775-644e74c9d2f8	GET	/notes/64e006ec272542b2ef3c61e8	undefined
2023-08-19	01:13:49	51ab95d0-d98f-4cb2-8207-5f9f54f61c56	GET	/notes/64e006ec272542b2ef3c61e8	undefined
2023-08-19	01:14:57	5900f4d6-8cf1-49bd-b469-cc3c1b7f4d68	GET	/users	undefined
2023-08-19	01:15:09	9e9f8ed8-a27b-43b1-b13a-8c6b00eb1604	GET	/users/64dfb10c99201001253beb34	undefined
2023-08-19	01:15:23	67288cc1-0059-447a-98a3-8946d2410143	GET	/users/64dfb10c99201001253beb34	undefined
2023-08-19	01:15:41	f61bfdd0-e09f-4598-bd52-0c84bcae2cfa	GET	/users	undefined
2023-08-19	01:16:01	7ced9570-ceb6-44dc-95d3-a04ae22193c4	GET	/users/64dfb10c99201001253beb34	undefined
2023-08-19	01:18:54	ef7d6973-a1bb-44e5-b1d7-5d791af2b3fc	GET	/notes/64e006ec272542b2ef3c61e8	undefined
2023-08-19	01:19:17	7658ae96-a4c2-4527-ba27-ee2430a11c59	GET	/notes/64e006ec272542b2ef3c61e8	undefined
2023-08-19	01:20:23	284c5027-172f-4e92-ac74-d19e06cd168b	GET	/notes/64e006ec272542b2ef3c61e8	undefined
2023-08-19	01:20:31	697c5935-2b0a-4b8f-982d-9123bb8a6f59	GET	/notes/64e006ec272542b2ef3c61e8	undefined
2023-08-19	01:23:02	20fcca51-1a05-4b34-a422-9025fcbb5182	PATCH	/notes	undefined
2023-08-19	01:23:53	f2caa817-e5b3-4a26-bf6d-0dc147cbe770	PATCH	/notes	undefined
2023-08-19	01:24:23	6290c5e3-fe91-445d-a48c-b264b3d1da6f	GET	/notes/64e006ec272542b2ef3c61e8	undefined
2023-08-19	01:24:57	197492bd-f2c8-4f71-8206-81862490c7d5	GET	/notes/64e006ec272542b2ef3c61e8	undefined
2023-08-19	01:25:36	a0f7b7ea-e3b1-40aa-af63-4e61518d7f39	PATCH	/notes/64e006ec272542b2ef3c61e8	undefined
2023-08-19	01:26:22	645a627f-6b45-4b01-bdf6-d52be8f24577	PATCH	/notes	undefined
2023-08-19	01:26:33	64f6dc23-110a-4096-8712-8b1243bd3c24	PATCH	/notes	undefined
2023-08-19	01:27:39	81ae10ad-d8b7-45a9-9863-25498e7830e6	DELETE	/notes	undefined
2023-08-19	01:28:48	47b81503-5fb5-4266-8579-b25a230b643a	DELETE	/notes	undefined
2023-08-19	01:29:01	b09a21fd-574c-4de7-96aa-e1b7584edbef	DELETE	/notes	undefined
2023-08-19	01:30:11	a347099e-c9b6-4c0a-9907-dc8444355d93	DELETE	/notes	undefined
2023-08-19	01:30:27	c1042a43-9838-4874-9ab0-e5dd3e1901b4	DELETE	/notes	undefined
2023-08-19	01:31:51	0348631b-246e-4b71-bd53-e87f6c2abceb	DELETE	/notes	undefined
2023-08-19	01:32:13	04c4d5f5-4c6b-4a81-8495-f3d653076a0b	DELETE	/notes	undefined
2023-08-19	01:32:33	0b22769f-ad0f-4294-a3e7-e714355ebcac	DELETE	/notes	undefined
2023-08-19	01:33:56	1a1b78ba-5722-4f6a-b7c5-977bc04b53b3	DELETE	/notes	undefined
2023-08-19	01:35:39	1ab6fcac-5361-47c0-9783-2f21d60785e6	DELETE	/notes	undefined
2023-08-19	02:39:50	2eb2e5d5-c3af-4baa-adbd-3024842948a9	GET	/css/styles.css	undefined
2023-08-19	11:25:07	08fd3f72-ec65-4c74-a618-85aebb77b32d	GET	/css/styles.css	undefined
2023-08-19	17:39:52	f18b8926-55b6-4473-821c-15b02e5010f6	GET	/users	http://localhost:5173
2023-08-19	17:42:30	fd331c74-2e4c-4f76-a912-7e4775e16ea3	GET	/users	http://localhost:5173
2023-08-19	17:43:10	2efa1f41-d1e4-49d4-b7be-0ee915ef6c61	GET	/users	http://localhost:5173
2023-08-19	17:43:55	0252fe54-d0f6-4ccb-bb43-2225e110961d	GET	/users	http://localhost:5173
2023-08-19	17:55:21	574d8813-65a5-41bd-9108-f0d2a40e226f	GET	/users	http://localhost:5173
2023-08-19	19:31:10	ac8884fe-4fd2-4a93-b82e-58fd4da8472e	GET	/users	http://localhost:5173
2023-08-19	19:40:12	9d4b0e5e-0fba-48d0-88a5-11fb910438ac	GET	/users	http://localhost:5173
2023-08-19	19:49:16	809cf191-d7bb-4f2a-a2bd-8d3ddd575225	GET	/users	http://localhost:5173
2023-08-19	19:51:35	3e9186b6-1a87-4333-9bee-716908b12e04	GET	/users	http://localhost:5173
2023-08-19	19:54:17	026b0bf5-6965-4cb2-9984-11296eedec0a	GET	/users	http://localhost:5173
2023-08-19	20:09:12	0c2ae762-d2b7-479b-9ad8-b90b15f5bc3b	GET	/users	http://localhost:5173
2023-08-19	20:11:13	5cd84a56-4cf5-4733-a5cb-a5248b5040f7	GET	/users	http://localhost:5173
2023-08-19	20:13:55	a34dbdad-fd43-4d60-9e2b-fa4c0b3ddc18	GET	/users	http://localhost:5173
2023-08-19	20:13:57	b4c3f078-b2b7-4d20-a875-3085d1b2ddea	GET	/users	http://localhost:5173
2023-08-19	20:14:00	48eec019-869c-4302-b230-a3bb984004b9	GET	/users	http://localhost:5173
2023-08-19	20:14:32	92383ef6-151c-4709-884d-a30669cd5886	GET	/users	http://localhost:5173
2023-08-19	20:14:38	ccd7bd9f-9364-448a-a2c6-502bd726ec77	GET	/users	http://localhost:5173
2023-08-19	20:15:59	8da38faa-2826-4685-bb9a-0d72e0ec252f	GET	/users	http://localhost:5173
2023-08-19	20:16:29	4649174a-fe1e-496f-8a43-42486d478ada	GET	/users	http://localhost:5173
2023-08-19	20:16:53	b2a1ceb4-8117-40c0-bdee-f44f5509ade6	GET	/users	http://localhost:5173
2023-08-19	20:17:01	698e7098-b582-4b9c-8f6e-657262b6c43d	GET	/users	http://localhost:5173
2023-08-19	20:17:10	b282c301-7d99-4693-8f13-5e3cb5ef1ce1	GET	/users	http://localhost:5173
2023-08-19	20:17:44	2360875f-bfcc-4057-aaea-d55d9eb2914c	GET	/users	http://localhost:5173
2023-08-19	20:17:51	6aa09c71-66d2-41cb-a789-eaa6e1e4aa29	GET	/users	http://localhost:5173
2023-08-19	20:18:10	d775571f-4e07-4098-8257-af37eed7ae36	GET	/users	http://localhost:5173
2023-08-19	20:18:35	304ec497-4760-41d3-9e3c-f77c1e2f495b	GET	/users	http://localhost:5173
2023-08-19	20:21:05	c3a08b7d-5e78-4a69-85e2-265617a649fc	GET	/users	http://localhost:5173
2023-08-19	20:21:07	ad33f228-3d72-45e0-9237-cde05c87128d	GET	/users	http://localhost:5173
2023-08-19	20:21:09	feb64a31-1c58-4331-8bda-1befca0f3205	GET	/users	http://localhost:5173
2023-08-19	20:21:10	75932a63-fb4f-45b6-861d-dc8d744479cf	GET	/users	http://localhost:5173
2023-08-19	20:26:38	fede54a7-7abd-4841-ac96-ba61e591b4d2	GET	/users	http://localhost:5173
2023-08-19	20:50:06	a3c20736-7f3b-4056-90d6-84f529ceb919	GET	/users	http://localhost:5173
2023-08-19	20:50:25	29281b2a-de33-4921-accf-16e3ba72397b	GET	/users	http://localhost:5173
2023-08-19	20:50:30	e4133f2f-9508-4455-b6f3-6b66a8839f4e	GET	/users	http://localhost:5173
2023-08-19	20:50:33	d58622bf-21fc-4889-8c74-47b915e1b4a7	GET	/users	http://localhost:5173
2023-08-19	20:51:31	c2e68ec2-9002-47ef-8b0e-32029d8051d9	GET	/users	http://localhost:5173
2023-08-19	21:08:57	6ba83e1a-3abb-4c4c-9a23-137ac2cdb9bb	GET	/users	http://localhost:5173
2023-08-19	21:57:54	40584d1b-e95e-405e-821c-d8331f7461aa	GET	/users	http://localhost:5173
2023-08-19	21:59:47	3b394f78-8f2b-4ba9-857e-278a61fd5edb	GET	/users	http://localhost:5173
2023-08-19	22:02:55	cac65d7e-fcb2-400c-ae91-db39902f66ce	GET	/users	http://localhost:5173
2023-08-19	22:03:01	779ed91e-630f-40f7-801a-d1fbd3759783	GET	/users	http://localhost:5173
2023-08-19	22:40:20	0eb0a9de-8920-4e7a-8869-46d26cd08f5c	GET	/users	http://localhost:5173
2023-08-19	22:43:48	cfec1f39-96e5-47e5-bc49-3d1ad637ff75	GET	/users	http://localhost:5173
2023-08-19	22:47:38	6fdb127a-69dc-4b9b-bf34-1ab5ac28de02	GET	/users	http://localhost:5173
2023-08-19	22:50:11	b15d5714-ca7c-4a11-9828-5f747553e0a5	GET	/users	http://localhost:5173
2023-08-19	22:50:30	2b277206-3a2f-4a20-a9cd-8709164cf8bf	GET	/users	http://localhost:5173
2023-08-19	22:52:01	de10fa3f-17b9-46ff-b836-c0cb4eecdb6c	GET	/users	http://localhost:5173
2023-08-19	22:52:16	85cf5419-a40c-4b1a-bee1-58b1949a9dca	GET	/users	http://localhost:5173
2023-08-19	22:52:26	bb9ae98f-9b91-4efd-b270-d5375555eaac	GET	/users	http://localhost:5173
2023-08-19	22:54:57	0a57fd9d-6cde-458b-aa71-ab0e1a2ccc8d	GET	/users	http://localhost:5173
2023-08-19	22:59:52	daa32f3f-9a9a-4e11-a168-8ecf47348427	GET	/users	http://localhost:5173
2023-08-19	23:05:14	1307cf71-fe3e-4c67-b765-347660989d65	GET	/users	http://localhost:5173
2023-08-19	23:05:16	c69b2bb9-c072-4388-8467-c3553930321c	GET	/users	http://localhost:5173
2023-08-19	23:05:44	be775978-270a-44c7-bff1-5a4eb4f18518	GET	/users	http://localhost:5173
2023-08-19	23:12:09	10fd1964-eddd-4e42-a90d-4486ea3a45f2	GET	/users	http://localhost:5173
2023-08-19	23:18:30	8e2ddb6c-6b04-4375-90d3-ed4d60244092	GET	/users	http://localhost:5173
2023-08-19	23:19:49	edd6bf42-8132-40d0-9c5c-d72d3a277425	GET	/users	http://localhost:5173
2023-08-19	23:20:35	4e2995da-ec8e-4ac2-aacc-189416bee82e	GET	/users	http://localhost:5173
2023-08-19	23:21:38	f04512e0-d244-4587-8b8f-7f518d8b1429	GET	/users	http://localhost:5173
2023-08-19	23:30:05	89d8cd5a-36b0-46ac-a8c0-357d8ddb14a2	GET	/users	http://localhost:5173
2023-08-19	23:31:27	375210ea-fafb-4a65-ad9e-41c7564a5920	GET	/users	http://localhost:5173
2023-08-19	23:38:54	a19d1312-276b-4bd8-8101-7ea8797118ce	GET	/users	http://localhost:5173
2023-08-19	23:42:53	bd2d8021-92c6-4453-b085-166f10827ed8	GET	/users	http://localhost:5173
2023-08-19	23:43:12	438f3404-56fe-4ce5-9c06-106952551b29	GET	/users	http://localhost:5173
2023-08-19	23:44:05	1740833a-1705-43b3-b892-456db341d517	GET	/users	http://localhost:5173
2023-08-19	23:44:31	850335e9-968a-49ad-b9c6-93471ae66597	GET	/users	http://localhost:5173
2023-08-19	23:45:02	b6fa05fb-6b57-4ef7-bdcd-8b174564935b	GET	/users	http://localhost:5173
2023-08-19	23:46:02	d4154ff0-cd5a-40d3-a304-3e854329af45	GET	/users	http://localhost:5173
2023-08-19	23:46:31	42a170c4-80b7-4d90-a795-33aa6de807ce	GET	/users	http://localhost:5173
2023-08-19	23:47:21	859ac514-75c4-44d1-b8cd-715adf40f78b	GET	/users	http://localhost:5173
2023-08-19	23:53:05	28b8af2d-2c5b-4f1e-988a-e87df2918aee	GET	/users	http://localhost:5173
2023-08-19	23:57:01	06775d39-9784-470f-ae3f-1f57da5259fa	GET	/users	http://localhost:5173
2023-08-20	00:53:06	ecc02b59-8b7b-4579-ba63-dda3a1605b45	GET	/notes	http://localhost:5173
2023-08-20	01:01:48	490fecfe-4078-42a9-b9a0-ea26ad50213d	GET	/notes	http://localhost:5173
2023-08-20	01:02:45	32e1b534-3c75-4ff5-a064-d4e73534cd5a	GET	/notes	http://localhost:5173
2023-08-20	01:05:37	0d7c1586-af23-469d-96ac-df068d99ae01	GET	/notes	http://localhost:5173
2023-08-20	01:11:25	9d4c4dd8-7dd5-4f78-baef-83b30c3f5ef9	GET	/notes	http://localhost:5173
2023-08-20	01:12:17	f05fa672-78fb-496c-ab6b-3b2bbaa30785	GET	/notes	http://localhost:5173
2023-08-20	01:12:44	488dc79d-7b2a-44ca-a274-fe5875587946	GET	/notes	http://localhost:5173
2023-08-20	01:13:39	cb5f0b6f-70c4-40bb-a01a-c34b6ffc5c88	GET	/notes	http://localhost:5173
2023-08-20	01:14:11	4d52b252-c074-4603-8113-6ffb28eca5dc	GET	/notes	http://localhost:5173
2023-08-20	01:15:28	1c9bf1c5-0b11-457a-b9d2-6ce0f0e02821	GET	/notes	http://localhost:5173
2023-08-20	01:19:49	438c51a9-051e-4aa8-9fd1-8f83a2f958d0	GET	/notes	http://localhost:5173
2023-08-20	01:36:31	2965e7ee-c9aa-475e-847c-bfa2c059d7d9	GET	/notes	http://localhost:5173
2023-08-20	01:37:31	e4e600f2-e15e-42ee-8f7b-09181e3d999a	GET	/notes	http://localhost:5173
2023-08-20	01:38:02	c891f078-7017-41ac-82af-6d92921b36ca	GET	/notes	http://localhost:5173
2023-08-20	10:45:35	0abae782-6018-4f86-bbb5-75632d0d5f26	GET	/users	http://localhost:5173
2023-08-20	10:46:39	65254360-79d1-4bfb-ac36-e22dd9a423e0	GET	/notes	http://localhost:5173
2023-08-20	10:48:10	63e9771a-db02-4711-934c-ac53a9464af9	GET	/notes	http://localhost:5173
2023-08-20	11:36:02	a151d53b-b318-4a67-8d94-0f14fcb50ddd	GET	/notes	http://localhost:5173
2023-08-20	11:36:11	9d1f7af8-6e5a-4a32-96b7-15940e876d80	GET	/notes	http://localhost:5173
2023-08-20	11:36:16	2098d5c7-849e-468d-bf04-15db7d90db12	GET	/notes	http://localhost:5173
2023-08-20	11:36:20	4d3e41df-a275-47d1-bac9-9f23be9bbeee	GET	/notes	http://localhost:5173
2023-08-20	11:36:22	b63188bc-c08e-4fab-be26-4b4d784c9f26	GET	/notes	http://localhost:5173
2023-08-20	11:36:35	c956cbc1-b6af-47e2-ac34-284399ff7e04	GET	/notes	http://localhost:5173
2023-08-20	11:36:43	845e75e8-ba9b-404b-a4c5-b9f744d6ac10	GET	/notes	http://localhost:5173
2023-08-20	11:37:12	0d80c6d9-7a27-4fdd-b20f-2851503eb751	GET	/notes	http://localhost:5173
2023-08-20	11:37:20	a21bb73b-330e-44a9-9334-1abad9711f0b	GET	/notes	http://localhost:5173
2023-08-20	11:37:25	0d00a011-7bbc-4ab3-ab24-dcdc345a5c31	GET	/notes	http://localhost:5173
2023-08-20	11:37:27	5d904bec-9cca-4154-bb7b-809221a939e8	GET	/notes	http://localhost:5173
2023-08-20	11:37:30	667fb674-a791-496c-bcf4-83041afe8f76	GET	/notes	http://localhost:5173
2023-08-20	11:37:41	c4624c03-68ef-40f9-97c7-85f237e78624	GET	/notes	http://localhost:5173
2023-08-20	11:37:42	f4004723-a7df-4ea9-8c70-015cbea03993	GET	/notes	http://localhost:5173
2023-08-20	11:38:07	2726c8a9-713a-40fc-8340-acadc8b07c50	GET	/notes	http://localhost:5173
2023-08-20	11:38:31	4790a6da-3018-4d7d-9029-e146ec8e21c3	GET	/notes	http://localhost:5173
2023-08-20	11:38:39	ad61dbf7-4077-40bd-b04b-969b661e6d19	GET	/notes	http://localhost:5173
2023-08-20	11:38:46	85cc25af-3d97-4eb4-b3ea-9a5f7869e48e	GET	/notes	http://localhost:5173
2023-08-20	11:38:54	72ac27b8-dfc3-40b5-a7dd-8592b76ed6f8	GET	/notes	http://localhost:5173
2023-08-20	11:38:55	7df63651-0eee-4724-9992-b374e66f6ba2	GET	/notes	http://localhost:5173
2023-08-20	11:39:02	a11ded84-2c16-4bda-957e-edcda7b62c70	GET	/notes	http://localhost:5173
2023-08-20	11:39:06	ca18c575-f33b-4367-9765-58de78413db3	GET	/notes	http://localhost:5173
2023-08-20	11:39:07	179f8e64-861b-4a92-86d9-ef60725023cd	GET	/notes	http://localhost:5173
2023-08-20	11:40:00	269a0d6b-93ae-4688-993d-5ad0cae41002	GET	/notes	http://localhost:5173
2023-08-20	11:40:09	54f6459a-9613-485d-a102-fa293dad9110	GET	/notes	http://localhost:5173
2023-08-20	11:40:14	5a8637a0-8963-4a91-b821-782b656dfe99	GET	/notes	http://localhost:5173
2023-08-20	11:40:26	2f836130-e594-4963-ac64-115146e1c2bf	GET	/notes	http://localhost:5173
2023-08-20	11:45:43	1be12b01-bcee-47ea-b527-ec92a40f7063	GET	/notes	http://localhost:5173
2023-08-20	11:46:34	293c1b12-7acf-4431-aa41-5fc86aa4f810	GET	/notes	http://localhost:5173
2023-08-20	11:50:46	f5911a75-8dbc-41e3-9928-058016ca7342	GET	/notes	http://localhost:5173
2023-08-20	11:51:31	4b817c90-2f0c-4fda-a8d6-b26893ac2ba2	GET	/notes	http://localhost:5173
2023-08-20	12:03:40	0b316764-5550-4bf5-9223-a85a3ee9d12c	GET	/notes	http://localhost:5173
2023-08-20	12:07:06	2942a501-4e15-4269-bd91-ce6c0d0c8753	GET	/notes	http://localhost:5173
2023-08-20	12:08:12	5c6ec07b-99b1-40a2-a24e-1748569aa490	GET	/notes	http://localhost:5173
2023-08-20	12:11:03	cb4ffca4-5cdb-4870-bbbe-ea38222a3368	GET	/notes	http://localhost:5173
2023-08-20	12:11:55	271dfbe3-6479-4ac0-8af9-661908d05699	GET	/notes	http://localhost:5173
2023-08-20	12:12:03	b74af590-f5a3-421b-b727-06903105933c	GET	/notes	http://localhost:5173
2023-08-20	12:24:00	1afe24de-dbeb-4f05-aba3-819043e88ee9	GET	/notes	http://localhost:5173
2023-08-20	12:24:04	6df63b5b-7cda-405d-a22b-aa41d4ff1846	GET	/notes	http://localhost:5173
2023-08-20	12:42:03	e46c362d-07b4-4f4c-9ebc-702b97c83532	GET	/notes	http://localhost:5173
2023-08-20	12:47:42	fddddd3a-3539-4096-951c-9645cf96717c	GET	/notes	http://localhost:5173
2023-08-20	12:48:35	4adc47da-10ed-4a68-82e8-b973c27e5701	GET	/notes	http://localhost:5173
2023-08-20	12:49:17	32bdbaa7-e83a-46c4-a98d-0148023abedc	GET	/notes	http://localhost:5173
2023-08-20	12:57:03	d56d4af1-d439-4d16-b230-ea549a769b2c	GET	/notes	http://localhost:5173
2023-08-20	12:58:57	c2298ed6-93c6-4e1b-bfc1-f38fd79d1400	GET	/notes	http://localhost:5173
2023-08-20	13:00:17	2240b48c-ace5-45f1-b513-b171a0caf19a	GET	/notes	http://localhost:5173
2023-08-20	13:00:33	ed8e4ebf-76a7-4345-b8db-4b29bfc72a27	GET	/notes	http://localhost:5173
2023-08-20	13:00:47	d5683624-2eed-421d-9570-be97fdc4f1b2	GET	/notes	http://localhost:5173
2023-08-20	13:01:18	0c1215b6-87da-433d-b700-0af531ee5bef	GET	/notes	http://localhost:5173
2023-08-20	13:01:47	a74ae764-0b41-4449-9281-68b034cca4c2	GET	/notes	http://localhost:5173
2023-08-20	13:02:22	999ed969-a5a4-4be9-8422-95eaaae4a7af	GET	/notes	http://localhost:5173
2023-08-20	13:03:12	3fe85317-1782-487c-88a4-26310fbf9790	GET	/notes	http://localhost:5173
2023-08-20	13:06:30	a76f6631-f0cf-4516-9cd1-51070869595e	GET	/notes	http://localhost:5173
2023-08-20	13:12:00	78f82735-85a5-4b81-bb8c-4796dbb83bf8	GET	/notes	http://localhost:5173
2023-08-20	13:12:23	8360a16f-629f-4e72-9cf2-12e1b11d0695	GET	/notes	http://localhost:5173
2023-08-20	13:13:06	29d4c656-7433-4343-8c40-1b7b79452d1b	GET	/notes	http://localhost:5173
2023-08-20	13:15:31	a1f95aea-df7e-41f4-a3aa-fc46acc0bd36	GET	/notes	http://localhost:5173
2023-08-20	13:16:11	65f4f272-d874-435d-8220-14e69ae5d34a	GET	/notes	http://localhost:5173
2023-08-20	13:22:35	0d90d0f6-dae4-496d-b675-4041fb161f83	GET	/notes	http://localhost:5173
2023-08-20	14:50:09	70298a80-31b5-4ad9-a5ad-163bcb37f4a8	GET	/users	undefined
2023-08-20	14:51:17	ef43f938-5d10-4fa8-88e5-79480edb587c	PATCH	/users	undefined
2023-08-20	14:51:23	05e610a8-21e7-4b78-80fc-ef610a856e42	PATCH	/users	undefined
2023-08-20	14:52:10	f3017087-205c-4f88-a3c9-874fe744affa	PATCH	/users	undefined
2023-08-20	14:52:39	1ebd6699-7169-4047-8f63-13c9ae174196	PATCH	/users	undefined
2023-08-20	14:54:38	8d2d8fac-43f5-451e-9b7d-48034ab9b053	PATCH	/users	undefined
2023-08-20	14:55:07	bacabccf-ee58-4d6e-a262-beb6b42383c5	PATCH	/users	undefined
2023-08-20	14:55:37	496c1e72-0aee-4b48-829b-7ebb08b4cbfe	PATCH	/users	undefined
2023-08-20	14:56:38	b64d8b93-811b-44e4-868a-048905cd0c68	PATCH	/users	undefined
2023-08-20	14:57:44	07be6471-8aed-4670-a935-db2bca697842	PATCH	/users	undefined
2023-08-20	14:58:21	257e6f80-d72f-4dce-8ddc-8ebc2d2fa416	PATCH	/users	undefined
2023-08-20	14:58:58	d713cbde-a66b-4b96-b504-e9cacbeb34c0	PATCH	/users	undefined
2023-08-20	15:02:08	a241dda8-03ba-452b-a1ae-a8977bb22ce7	PATCH	/users	undefined
2023-08-20	15:03:05	9d3c738e-81c9-4208-b92a-e57b9ce8741b	PATCH	/users	undefined
2023-08-20	15:03:23	4a067fb5-2b77-43b5-af71-a02397a960bd	PATCH	/users	undefined
2023-08-20	15:04:34	bbfa403a-99d0-41e0-8b8f-b51107a229fd	PATCH	/users	undefined
2023-08-20	15:06:21	d25219e6-8109-49b7-9526-ed34e6e77d5a	PATCH	/users	undefined
2023-08-20	15:07:05	ccc4b791-653c-4b57-9cb2-752cce2112c8	PATCH	/users	undefined
2023-08-20	15:08:17	3f990faa-1bbf-464a-af6c-cae21502aa86	PATCH	/users	undefined
2023-08-20	15:09:08	49fede4a-7d1d-4954-b95e-05252263d4fb	PATCH	/users	undefined
2023-08-20	15:09:37	b682ca87-4909-4ec8-8dc3-c7f3f4160e9c	PATCH	/users	undefined
2023-08-20	15:10:38	d8c41cba-bae5-4b1b-9a1b-1345d5b2a75e	PATCH	/users	undefined
2023-08-20	15:11:28	9a618a91-8e67-40ae-a291-7ee4d8a21865	PATCH	/users	undefined
2023-08-20	15:12:19	770747a9-6afc-4132-a16c-fdbd91db2624	GET	/users	undefined
2023-08-20	17:41:44	6851dbb1-6f3c-4305-88d4-8f503464b288	GET	/notes	http://localhost:5173
2023-08-20	17:41:44	3c934804-3a79-409e-8d68-9e912ec8a83c	GET	/users	http://localhost:5173
2023-08-20	17:42:07	6969aae6-858c-45f6-ad1f-a6b36ea12bf5	GET	/notes	http://localhost:5173
2023-08-20	17:42:22	7274556a-9519-4f7b-adec-9c1d7901e6a9	GET	/notes	http://localhost:5173
2023-08-20	17:42:44	6f2c1d67-c0c0-4dce-af54-f0616e93a30c	GET	/notes	http://localhost:5173
2023-08-20	17:42:56	cfe5ffb5-a47b-4783-9fc9-cae957943c0f	GET	/users	http://localhost:5173
2023-08-20	17:43:09	24184a41-628b-4fa7-9bdd-c4f03bafb486	GET	/users	http://localhost:5173
2023-08-20	17:43:22	98d0e774-62c3-4c4a-8f00-7969d8080e3c	GET	/notes	http://localhost:5173
2023-08-20	17:44:26	075ec89e-a016-4ae5-ae9f-0072c2acb36e	GET	/notes	http://localhost:5173
2023-08-20	17:44:26	3e3014e3-d492-4b46-a598-5e2cffe76ec2	GET	/users	http://localhost:5173
2023-08-20	17:53:17	45a07576-0600-4076-8ce2-174168003f38	GET	/socketcluster/	chrome-extension://lmhkpmbekcpmknklioeibfkpmmfibljd
2023-08-20	17:53:37	bf76f1e2-c740-4a79-964d-79e461f436ed	GET	/socketcluster/	chrome-extension://lmhkpmbekcpmknklioeibfkpmmfibljd
2023-08-20	17:54:04	c6420bae-18c7-4726-ba2f-029c83f634af	GET	/socketcluster/	chrome-extension://lmhkpmbekcpmknklioeibfkpmmfibljd
2023-08-20	17:54:27	09543ae3-f57c-4e6a-8259-db07c29a7c49	GET	/socketcluster/	chrome-extension://lmhkpmbekcpmknklioeibfkpmmfibljd
2023-08-20	17:56:29	83817f09-1f8a-49b7-b1c9-48178a188689	GET	/notes	http://localhost:5173
2023-08-20	21:19:05	8e718ec9-188a-4eb7-90c2-4de9a99529be	GET	/notes	http://localhost:5173
2023-08-20	21:19:05	cce0d326-3c68-474c-b12e-531399fc0ae8	GET	/users	http://localhost:5173
2023-08-20	21:39:35	3521813d-46da-4347-9f23-3d8909fb47d8	GET	/notes	http://localhost:5173
2023-08-20	21:39:35	d068080f-d745-4376-8d6a-79735f2c0d5a	GET	/users	http://localhost:5173
2023-08-20	21:39:58	366d37cf-731f-440d-86af-c8b8f20cca7e	GET	/notes	http://localhost:5173
2023-08-20	21:39:58	3bea233c-3af9-4b9b-9c65-e68d0f6488ec	GET	/users	http://localhost:5173
2023-08-20	21:42:49	7e144c2c-3390-48de-a803-966491872bc3	GET	/notes	http://localhost:5173
2023-08-20	21:42:49	76607fc3-f7ce-4c0c-9cfa-e56b1b52e489	GET	/users	http://localhost:5173
2023-08-20	21:43:13	799adc6f-bf7d-44fa-8e58-c4adf5099bda	GET	/notes	http://localhost:5173
2023-08-20	21:43:13	16880ae4-dad9-4314-adf2-d2956d585603	GET	/users	http://localhost:5173
2023-08-20	21:43:15	26e7e6d0-69c0-4831-bdd1-31df7edecba3	GET	/notes	http://localhost:5173
2023-08-20	21:46:45	56473eeb-e38b-487c-8f10-8015f1c8072e	GET	/notes	http://localhost:5173
2023-08-20	21:47:01	dd51ab68-d659-401a-98a3-e3a503e98a83	GET	/notes	http://localhost:5173
2023-08-20	21:47:12	0236ba61-cea2-4bff-863e-e4aa2e090953	GET	/notes	http://localhost:5173
2023-08-20	21:47:28	f40f828e-2c09-4bf3-806e-5aa4226a943b	GET	/notes	http://localhost:5173
2023-08-20	21:47:44	353f4531-06e9-4bb2-bce8-1c76acf16bcd	GET	/notes	http://localhost:5173
2023-08-20	21:48:00	c04c5d4d-191f-4c36-9c6f-327ecd3ebb4a	GET	/notes	http://localhost:5173
2023-08-20	21:48:16	ffd63e9c-27d7-4a85-84e8-25bf6edcee35	GET	/notes	http://localhost:5173
2023-08-20	21:48:32	7b7eea88-141d-4918-87dd-6ef9499be115	GET	/notes	http://localhost:5173
2023-08-20	21:48:48	93b8aa7e-551a-44be-befb-f4cd72edafb1	GET	/notes	http://localhost:5173
2023-08-20	21:49:04	70bb102c-3ba7-4a1e-ad1c-25d26ffa2171	GET	/notes	http://localhost:5173
2023-08-20	21:49:20	bb5e8bb8-59ef-4cd1-a395-a95827441773	GET	/notes	http://localhost:5173
2023-08-20	21:49:36	a87fc70f-36fe-43a3-a8fb-fc44fc9af85f	GET	/notes	http://localhost:5173
2023-08-20	21:49:52	9378b1e2-5581-4f1b-ada0-deb7b8dcecfb	GET	/notes	http://localhost:5173
2023-08-20	21:50:08	6d93cacd-8e13-454f-b2a0-e0de4b5baf21	GET	/notes	http://localhost:5173
2023-08-20	21:50:25	443c6f20-32cc-4624-9d82-09f055dda78a	GET	/notes	http://localhost:5173
2023-08-20	21:50:41	09b741cf-a11d-4af7-bde4-88c324493838	GET	/notes	http://localhost:5173
2023-08-20	21:50:57	903fe2a6-1903-4ee6-ac4d-01707813bee8	GET	/notes	http://localhost:5173
2023-08-20	21:51:13	63c49bd2-a38d-4226-bcda-0e093961aaf7	GET	/notes	http://localhost:5173
2023-08-20	21:51:29	7feb7cce-c825-4c2f-a2d1-2b081d075bea	GET	/notes	http://localhost:5173
2023-08-20	21:53:13	275f4336-24ad-4d24-a3d5-5c9c638e2bec	GET	/notes	http://localhost:5173
2023-08-20	21:53:13	4e1ec804-5df7-4f6a-a531-29064503e38a	GET	/users	http://localhost:5173
2023-08-20	21:55:04	5023f9b2-613d-4aac-8a03-c3d8007fa8bc	GET	/notes	http://localhost:5173
2023-08-20	21:55:04	e4e98ea1-13b8-424d-be87-4321110374a9	GET	/users	http://localhost:5173
2023-08-20	21:56:09	aff04dca-abba-4d2c-93f6-7a0997574613	GET	/notes	http://localhost:5173
2023-08-20	21:56:09	745e1e85-b6a4-4eaa-8a38-9e3b56b58e48	GET	/users	http://localhost:5173
2023-08-20	21:57:02	8098fa8f-ce0d-4c58-9ad9-d9f6aec5e140	GET	/users	http://localhost:5173
2023-08-20	22:03:55	76005608-496c-4407-b05c-da9b9441173b	GET	/notes	http://localhost:5173
2023-08-20	22:03:55	2fef7b7b-e97a-4779-8927-739dfc1387cf	GET	/users	http://localhost:5173
2023-08-20	22:04:45	01a8af4d-887a-459d-a28f-9bd97598cac9	GET	/notes	http://localhost:5173
2023-08-20	22:04:45	4964f065-87a6-49a7-81bc-63d95a0f1496	GET	/users	http://localhost:5173
2023-08-20	22:25:49	ec51a40e-3fde-4b16-b2b1-34c9fe286c81	OPTIONS	/users	http://localhost:5173
2023-08-20	22:25:49	4f3646ed-5060-42de-bd7c-7b9588292d0b	PATCH	/users	http://localhost:5173
2023-08-20	22:25:49	d3d19dee-555f-4003-aceb-a61b58b4b0bd	GET	/users	http://localhost:5173
2023-08-20	22:25:50	e8d43308-73ac-405d-8188-a934abbb3759	GET	/users	http://localhost:5173
2023-08-20	22:26:50	483476f9-6386-4b98-83d9-29c5f6c6c9ab	GET	/users	http://localhost:5173
2023-08-20	22:27:50	b2394837-6aaf-4ea7-b252-4cedfb920270	GET	/users	http://localhost:5173
2023-08-20	22:28:50	6134cebe-89b6-48cc-9b49-46442cfcd7c9	GET	/users	http://localhost:5173
2023-08-20	22:29:51	8bf624e1-fd18-40c4-a518-c08a1f1d9bd0	GET	/users	http://localhost:5173
2023-08-20	22:30:51	ca85f968-9352-487e-bd75-e82f44ce3bf4	GET	/users	http://localhost:5173
2023-08-20	22:31:51	afc6a23f-5165-4f82-a9b8-50a16c6b5a94	GET	/users	http://localhost:5173
2023-08-20	22:32:52	514ab284-0095-4e64-a1e7-fff94905d8d2	GET	/users	http://localhost:5173
2023-08-20	22:33:52	ac3ef566-62f7-47de-9bcd-f55d795ac6a8	GET	/users	http://localhost:5173
2023-08-20	22:34:53	04f76d09-58a3-4eb2-9eb3-e6af59cd8543	GET	/users	http://localhost:5173
2023-08-20	22:35:53	a7a02de3-1f9f-4ebf-aa41-7c2206f81420	GET	/users	http://localhost:5173
2023-08-20	22:36:53	df4c404f-90a9-40d1-888c-a80923bdd958	GET	/users	http://localhost:5173
2023-08-20	22:37:54	5a7625e4-7d5f-4969-af93-418255f0f695	GET	/users	http://localhost:5173
2023-08-20	22:38:54	aa13c7f4-bdfb-47f2-a90b-0b4abc3c9554	GET	/users	http://localhost:5173
2023-08-20	22:39:55	52f661a6-1cd3-45e0-8a1d-b56ad0bd1a7d	GET	/users	http://localhost:5173
2023-08-20	22:40:55	6769cd71-8272-42ee-88c8-e6f6a33663db	GET	/users	http://localhost:5173
2023-08-20	22:41:56	a3ff5f11-07e5-4c90-8f37-e2e10982a28c	GET	/users	http://localhost:5173
2023-08-20	22:42:56	0c7cf203-fb52-42a6-8ac6-48d1fd8bdf3d	GET	/users	http://localhost:5173
2023-08-20	22:43:57	0c34b46c-33f5-4fe9-b84f-be9c9c4e71f2	GET	/users	http://localhost:5173
2023-08-20	22:44:57	a4e41614-15ab-495e-8951-74e22422b8cd	GET	/users	http://localhost:5173
2023-08-20	22:45:57	1f2b2bee-44ee-4e8d-b44e-1b2cfdcb6a3e	GET	/users	http://localhost:5173
2023-08-20	22:46:58	03fd1460-43d9-430f-aa0b-7c65c0deb889	GET	/users	http://localhost:5173
2023-08-20	22:47:58	174a9695-7b93-4c23-938f-69c928ad8b57	GET	/users	http://localhost:5173
2023-08-20	22:48:58	b6552411-78c9-4b73-904b-594191a6086b	GET	/users	http://localhost:5173
2023-08-20	22:49:59	96e50bb4-7c7e-489c-905b-ae5235a714d5	GET	/users	http://localhost:5173
2023-08-20	22:50:59	a2c7a7f7-1a27-4759-a092-43d7a629a429	GET	/users	http://localhost:5173
2023-08-20	22:51:59	cb39a3ec-e5f4-40b8-aba4-80b664f2075a	GET	/users	http://localhost:5173
2023-08-20	22:53:00	e8a56653-664f-401b-997d-b730ac43b7d0	GET	/users	http://localhost:5173
2023-08-20	22:54:00	83759c39-ea9e-47c1-9626-383e45be187c	GET	/users	http://localhost:5173
2023-08-20	22:55:01	640e33e3-e703-4c05-961d-b073ade57934	GET	/users	http://localhost:5173
2023-08-20	22:56:01	59a2ae08-0f43-440f-b967-defd7314e9b3	GET	/users	http://localhost:5173
2023-08-20	22:57:01	0125ec41-99e2-448b-b08f-8bef7d37aff5	GET	/users	http://localhost:5173
2023-08-20	22:58:01	2a73fa18-7714-4801-8956-3722b3e639d8	GET	/users	http://localhost:5173
2023-08-20	22:59:02	162be71e-2760-497d-ad2a-e48dca85ed56	GET	/users	http://localhost:5173
2023-08-20	23:00:02	8f71f8d1-28bd-48d8-9699-ec73385d11bb	GET	/users	http://localhost:5173
2023-08-20	23:01:02	0b1e98ca-8c10-4a07-a9ae-f4971430da6c	GET	/users	http://localhost:5173
2023-08-20	23:02:02	004bd6fd-92a5-4ace-9614-9b1820836804	GET	/users	http://localhost:5173
2023-08-20	23:03:03	a9953fa2-e07f-47ac-99c6-cbca93f0b79f	GET	/users	http://localhost:5173
2023-08-20	23:04:03	0379f7e4-e34b-4e9f-8eef-e70312a6e3f4	GET	/users	http://localhost:5173
2023-08-20	23:05:03	c0628969-b1df-443d-9c45-feb62e0dc60f	GET	/users	http://localhost:5173
2023-08-20	23:06:04	2272deba-2056-4be5-849b-16aa7d7d061f	GET	/users	http://localhost:5173
2023-08-20	23:07:04	b982edc1-0671-4b4b-9b9a-40036cc17f19	GET	/users	http://localhost:5173
2023-08-20	23:08:04	8641b576-fc2f-496a-a821-c3a448155940	GET	/users	http://localhost:5173
2023-08-20	23:09:05	5ba8d6f9-9957-4261-bc26-3bc24f5a9309	GET	/users	http://localhost:5173
2023-08-20	23:10:05	f17629ec-1d7d-4ca7-a8a0-60c082bd2916	GET	/users	http://localhost:5173
2023-08-20	23:11:05	243353ff-4423-45ba-9f5c-f91dc5d0b40c	GET	/users	http://localhost:5173
2023-08-20	23:12:06	467f5786-7034-44ad-bd57-3ed6c0344091	GET	/users	http://localhost:5173
2023-08-20	23:13:06	04158c86-8cd3-4785-9f7d-38b9b3f106f8	GET	/users	http://localhost:5173
2023-08-20	23:14:07	a097dc99-105f-40c3-a866-02525fff5ee3	GET	/users	http://localhost:5173
2023-08-20	23:15:08	ebc9409b-9b29-4448-8859-b10405d92d23	GET	/users	http://localhost:5173
2023-08-20	23:16:09	c714861f-93e6-43e5-b90e-21613d6379a7	GET	/users	http://localhost:5173
2023-08-20	23:17:10	1c41d2fb-8f23-4a4b-8eb8-386f361ee0c8	GET	/users	http://localhost:5173
2023-08-20	23:18:11	4ed9c710-e7f5-4373-8d75-b107550d1710	GET	/users	http://localhost:5173
2023-08-20	23:19:12	19dfc977-f304-490e-b3f2-54b469514cf7	GET	/users	http://localhost:5173
2023-08-20	23:20:13	708a591a-198b-49a5-8644-5d374c9e547a	GET	/users	http://localhost:5173
2023-08-20	23:21:14	eb6e0d44-68c0-4f47-a60d-586746fc2fd0	GET	/users	http://localhost:5173
2023-08-20	23:22:15	4d088585-c9d5-4714-bd4d-591e2e166185	GET	/users	http://localhost:5173
2023-08-20	23:23:16	d7bb544d-bc20-4a95-88e3-83b70d35f915	GET	/users	http://localhost:5173
2023-08-20	23:24:17	eec4a009-dd70-491c-a81b-282267ea966d	GET	/users	http://localhost:5173
2023-08-20	23:25:18	da712c46-f265-472a-bfae-3c1d750d1ca8	GET	/users	http://localhost:5173
2023-08-20	23:26:19	81ae47c7-5922-47a4-b8df-f31e453cc9d3	GET	/users	http://localhost:5173
2023-08-20	23:27:20	41df23c0-1a63-4aed-bfc9-9b85d99197a0	GET	/users	http://localhost:5173
2023-08-20	23:28:21	74d8068e-937f-483b-bec4-b59feba9c80f	GET	/users	http://localhost:5173
2023-08-20	23:29:22	f6b38556-e321-47b9-8b48-c13fe5ac2e11	GET	/users	http://localhost:5173
2023-08-20	23:30:23	05d07bbd-e689-48cc-b670-244364e20f82	GET	/users	http://localhost:5173
2023-08-20	23:31:24	cfa51cef-c9b8-44ce-ae48-ffc000b520d4	GET	/users	http://localhost:5173
2023-08-20	23:32:25	c0686e5b-893b-40e8-80a0-e9407e537a6c	GET	/users	http://localhost:5173
2023-08-20	23:33:26	aa366818-f571-4353-9f34-524ce1948cb0	GET	/users	http://localhost:5173
2023-08-20	23:34:27	1f4129b0-17d1-4682-89af-8c94052d115b	GET	/users	http://localhost:5173
2023-08-20	23:34:43	3b0d59f1-0dc0-4486-a5da-2bd5ae394a89	GET	/users	http://localhost:5173
2023-08-20	23:35:06	c46d2469-09ae-4ad2-a066-31bb73b0f109	OPTIONS	/users	http://localhost:5173
2023-08-20	23:35:06	14deeb2e-5894-4cdb-a6d2-588735a441a0	PATCH	/users	http://localhost:5173
2023-08-20	23:35:06	fbf42790-e33d-44b9-81cd-815a18dc82fd	GET	/users	http://localhost:5173
2023-08-20	23:35:07	fe04c1d8-fae2-4165-bf00-1f38b0c9bb5e	GET	/users	http://localhost:5173
2023-08-20	23:36:07	3e8df6fc-4aca-40fc-832c-b88b8cd073b0	GET	/users	http://localhost:5173
2023-08-20	23:37:04	e518a061-51ba-4ea9-8ca3-f5a54ee9334c	GET	/users	http://localhost:5173
2023-08-20	23:37:13	c4ea45e2-6d35-47ac-b718-eb1eba2eaad7	GET	/users	http://localhost:5173
2023-08-20	23:37:15	73de32e8-d1ea-4f29-86ee-8afae852aef7	GET	/notes	http://localhost:5173
2023-08-20	23:37:15	82591b9d-f414-4180-9622-108e6aadb297	GET	/users	http://localhost:5173
2023-08-20	23:38:28	9cc38027-a2a8-4b5a-adfc-89c77f9aaa42	GET	/notes	http://localhost:5173
2023-08-20	23:38:28	2454056b-18a5-475b-960a-a7b138014d2f	GET	/users	http://localhost:5173
2023-08-20	23:42:58	bc88df73-9b7a-4460-9eef-03617f8610e5	OPTIONS	/	http://localhost:5173
2023-08-20	23:42:58	e3da6f73-fb10-42af-b7c3-e515a6d0e915	POST	/	http://localhost:5173
2023-08-20	23:42:58	8c6c55d0-0371-4ef1-a45c-c1861fd2ff23	GET	/users	http://localhost:5173
2023-08-20	23:44:34	486cb531-f3f2-444a-b29d-88056b9e2b50	OPTIONS	/	http://localhost:5173
2023-08-20	23:44:34	7f832fa5-6c3c-4c89-8524-baf3a48628ba	POST	/	http://localhost:5173
2023-08-20	23:44:34	f3ea125f-03b4-4b21-957a-febf9ba5bd37	GET	/users	http://localhost:5173
2023-08-20	23:44:37	f2e04827-667c-4ba7-9454-c74a21845815	POST	/	http://localhost:5173
2023-08-20	23:44:37	b83ad147-32ed-4e8a-921a-b309e532ca76	GET	/users	http://localhost:5173
2023-08-20	23:46:34	5a051a41-ff77-40d9-a3a4-790a45e5d4de	GET	/socketcluster/	chrome-extension://lmhkpmbekcpmknklioeibfkpmmfibljd
2023-08-20	23:46:45	134343d9-01d3-4aac-b265-1cee4098982b	GET	/socketcluster/	chrome-extension://lmhkpmbekcpmknklioeibfkpmmfibljd
2023-08-20	23:47:14	897fecb5-3bfa-45c0-9202-7bb6ed320fed	GET	/socketcluster/	chrome-extension://lmhkpmbekcpmknklioeibfkpmmfibljd
2023-08-20	23:47:58	94d2a737-a468-4b96-acf1-60fef7dfc325	GET	/socketcluster/	chrome-extension://lmhkpmbekcpmknklioeibfkpmmfibljd
2023-08-20	23:48:38	a4f4cc65-4a1d-4442-bfc8-104c2c6d780e	GET	/socketcluster/	chrome-extension://lmhkpmbekcpmknklioeibfkpmmfibljd
2023-08-20	23:49:38	82506ccd-742f-4d2c-9e64-893a712634ec	GET	/socketcluster/	chrome-extension://lmhkpmbekcpmknklioeibfkpmmfibljd
2023-08-20	23:50:38	a46c42a5-d680-430f-a5bf-406ba9d6b09a	GET	/socketcluster/	chrome-extension://lmhkpmbekcpmknklioeibfkpmmfibljd
2023-08-20	23:51:38	d4c1c2a3-40d2-4ae4-aaa5-fdc118287404	GET	/socketcluster/	chrome-extension://lmhkpmbekcpmknklioeibfkpmmfibljd
2023-08-20	23:52:38	313b5f9e-4314-48f8-b8b8-aa56933449c3	GET	/socketcluster/	chrome-extension://lmhkpmbekcpmknklioeibfkpmmfibljd
2023-08-20	23:53:38	540406f4-0507-4529-afca-6f6cbf996bc5	GET	/socketcluster/	chrome-extension://lmhkpmbekcpmknklioeibfkpmmfibljd
2023-08-20	23:54:38	7b51fa30-a96f-476c-8496-97d7a9cc0014	GET	/socketcluster/	chrome-extension://lmhkpmbekcpmknklioeibfkpmmfibljd
2023-08-20	23:55:38	9f8af8f5-3641-4cd2-b540-2b5196e06c02	GET	/socketcluster/	chrome-extension://lmhkpmbekcpmknklioeibfkpmmfibljd
2023-08-20	23:56:38	5c313cf7-81b7-46ee-918d-31c86f2482ee	GET	/socketcluster/	chrome-extension://lmhkpmbekcpmknklioeibfkpmmfibljd
2023-08-20	23:57:38	e3034f58-a7a6-43e7-bd47-eb6a9b7369b0	GET	/socketcluster/	chrome-extension://lmhkpmbekcpmknklioeibfkpmmfibljd
2023-08-20	23:58:38	433d6ef0-cc8b-4a14-b14d-60d26bfc4740	GET	/socketcluster/	chrome-extension://lmhkpmbekcpmknklioeibfkpmmfibljd
2023-08-20	23:59:38	5c9e42a7-4ff8-45a5-b88e-aeab81360aa9	GET	/socketcluster/	chrome-extension://lmhkpmbekcpmknklioeibfkpmmfibljd
2023-08-21	00:00:38	5c783ac3-22c1-4724-bc07-d2dfdf2aa26e	GET	/socketcluster/	chrome-extension://lmhkpmbekcpmknklioeibfkpmmfibljd
2023-08-21	00:01:38	458c8ef9-cfb6-474e-b011-1eb72e341e1b	GET	/socketcluster/	chrome-extension://lmhkpmbekcpmknklioeibfkpmmfibljd
2023-08-21	00:02:38	0d116c32-4613-44b3-b088-6ba9245ad5b8	GET	/socketcluster/	chrome-extension://lmhkpmbekcpmknklioeibfkpmmfibljd
2023-08-21	00:03:38	6673e431-ee8c-43a0-88c4-6ea6cc0581b5	GET	/socketcluster/	chrome-extension://lmhkpmbekcpmknklioeibfkpmmfibljd
2023-08-21	00:04:38	d782bdd6-b992-44ee-8669-63bd48997c2c	GET	/socketcluster/	chrome-extension://lmhkpmbekcpmknklioeibfkpmmfibljd
2023-08-21	00:05:39	845501d4-dc73-44ad-a0cc-917a01a8375a	GET	/socketcluster/	chrome-extension://lmhkpmbekcpmknklioeibfkpmmfibljd
2023-08-21	00:06:39	ef83a8d7-4b70-4cc1-8d75-d035faa36ffa	GET	/socketcluster/	chrome-extension://lmhkpmbekcpmknklioeibfkpmmfibljd
2023-08-21	00:07:39	61f312f8-11d0-4bcc-b5d2-4c70585b7543	GET	/socketcluster/	chrome-extension://lmhkpmbekcpmknklioeibfkpmmfibljd
2023-08-21	00:08:39	2b9bb2de-3287-4f76-904e-44bfa25e5106	GET	/socketcluster/	chrome-extension://lmhkpmbekcpmknklioeibfkpmmfibljd
2023-08-21	00:09:39	c7a577ec-dfce-4eab-bfb0-8991214a4e7a	GET	/socketcluster/	chrome-extension://lmhkpmbekcpmknklioeibfkpmmfibljd
2023-08-21	00:10:39	9ea9615c-e922-4776-af2e-f0194c333ec3	GET	/socketcluster/	chrome-extension://lmhkpmbekcpmknklioeibfkpmmfibljd
2023-08-21	00:11:39	2bd5567b-7d88-4b85-891d-b5fb76f562d4	GET	/socketcluster/	chrome-extension://lmhkpmbekcpmknklioeibfkpmmfibljd
2023-08-21	00:12:39	3793bd99-5bfe-406a-851c-41d4aacede1d	GET	/socketcluster/	chrome-extension://lmhkpmbekcpmknklioeibfkpmmfibljd
2023-08-21	00:13:39	aef0a2aa-c33c-4678-9794-b3aa42ad038d	GET	/socketcluster/	chrome-extension://lmhkpmbekcpmknklioeibfkpmmfibljd
2023-08-21	00:14:39	1c3215db-8bae-45cb-81d7-cdeef80b2a32	GET	/socketcluster/	chrome-extension://lmhkpmbekcpmknklioeibfkpmmfibljd
2023-08-21	00:15:39	43f0b8f2-644c-4505-b71a-95621729bf49	GET	/socketcluster/	chrome-extension://lmhkpmbekcpmknklioeibfkpmmfibljd
2023-08-21	00:16:39	e3b64f82-5715-4e5b-94b1-cb67db960817	GET	/socketcluster/	chrome-extension://lmhkpmbekcpmknklioeibfkpmmfibljd
2023-08-21	00:17:39	bcdfe3e9-43ae-476d-b6c2-91dcb3a1214b	GET	/socketcluster/	chrome-extension://lmhkpmbekcpmknklioeibfkpmmfibljd
2023-08-21	00:18:39	6d2fc2d7-9169-402c-a8a4-ffdd57b1cc66	GET	/socketcluster/	chrome-extension://lmhkpmbekcpmknklioeibfkpmmfibljd
2023-08-21	00:19:39	41054e50-9c3b-4f31-9845-0b7d2dee992e	GET	/socketcluster/	chrome-extension://lmhkpmbekcpmknklioeibfkpmmfibljd
2023-08-21	00:20:39	c469d99e-ed12-4658-bccb-96539034da2d	GET	/socketcluster/	chrome-extension://lmhkpmbekcpmknklioeibfkpmmfibljd
2023-08-21	00:21:39	890d513b-1918-4a18-b7ad-ced7ed6bc173	GET	/socketcluster/	chrome-extension://lmhkpmbekcpmknklioeibfkpmmfibljd
2023-08-21	00:22:39	46833de6-0781-446a-a399-b84e90a927a5	GET	/socketcluster/	chrome-extension://lmhkpmbekcpmknklioeibfkpmmfibljd
2023-08-21	00:23:39	0eb45dee-4f85-4239-981a-d07d3f80428b	GET	/socketcluster/	chrome-extension://lmhkpmbekcpmknklioeibfkpmmfibljd
2023-08-21	00:24:39	de1c19fe-c02e-4286-b8a2-bee3710a976c	GET	/socketcluster/	chrome-extension://lmhkpmbekcpmknklioeibfkpmmfibljd
2023-08-21	00:25:39	d6069265-6286-47a5-9b78-93a6e398ba43	GET	/socketcluster/	chrome-extension://lmhkpmbekcpmknklioeibfkpmmfibljd
2023-08-21	00:26:39	df109267-1147-44ee-bc38-f584121249e2	GET	/socketcluster/	chrome-extension://lmhkpmbekcpmknklioeibfkpmmfibljd
2023-08-21	00:27:39	695fc668-f3dd-4d72-ba2b-ecaae57fba40	GET	/socketcluster/	chrome-extension://lmhkpmbekcpmknklioeibfkpmmfibljd
2023-08-21	00:28:39	42b94c2b-7a91-47df-a617-4e9914603074	GET	/socketcluster/	chrome-extension://lmhkpmbekcpmknklioeibfkpmmfibljd
2023-08-21	00:29:39	3b966104-98cd-4bbb-bf38-df0a6ec79576	GET	/socketcluster/	chrome-extension://lmhkpmbekcpmknklioeibfkpmmfibljd
2023-08-21	00:30:39	3f083f39-8072-4157-a776-489a4ff42eff	GET	/socketcluster/	chrome-extension://lmhkpmbekcpmknklioeibfkpmmfibljd
2023-08-21	00:31:39	d5f29e68-f51a-4c6e-a8b8-ce41221fa53c	GET	/socketcluster/	chrome-extension://lmhkpmbekcpmknklioeibfkpmmfibljd
2023-08-21	00:32:39	3006007d-a944-48dc-88dd-fce496c778da	GET	/socketcluster/	chrome-extension://lmhkpmbekcpmknklioeibfkpmmfibljd
2023-08-21	00:33:39	3b7616f3-59b1-43ff-981b-2327010bd164	GET	/socketcluster/	chrome-extension://lmhkpmbekcpmknklioeibfkpmmfibljd
2023-08-21	00:34:39	974a60d3-19f2-4180-8913-ead1f50d4fbe	GET	/socketcluster/	chrome-extension://lmhkpmbekcpmknklioeibfkpmmfibljd
2023-08-21	00:35:39	cea27f29-de95-480f-815a-806187c89c10	GET	/socketcluster/	chrome-extension://lmhkpmbekcpmknklioeibfkpmmfibljd
2023-08-21	00:36:39	790d3465-6d24-4fb4-ba9a-f3b26fc6dea2	GET	/socketcluster/	chrome-extension://lmhkpmbekcpmknklioeibfkpmmfibljd
2023-08-21	00:36:41	12578d7e-fde2-434f-b4a0-9a4babbc886e	GET	/socketcluster/	chrome-extension://lmhkpmbekcpmknklioeibfkpmmfibljd
2023-08-21	00:36:42	eda73d83-8632-43b6-a37c-d857fdba65d3	GET	/socketcluster/	chrome-extension://lmhkpmbekcpmknklioeibfkpmmfibljd
2023-08-21	00:36:42	d41b698b-8f02-4b8f-8276-c0c864d7a333	GET	/socketcluster/	chrome-extension://lmhkpmbekcpmknklioeibfkpmmfibljd
2023-08-21	00:36:43	1f51a835-706d-4a9b-acbd-38afea2860a6	GET	/socketcluster/	chrome-extension://lmhkpmbekcpmknklioeibfkpmmfibljd
2023-08-21	00:36:43	a19bab69-7fe7-4f33-b687-dc69929db82d	GET	/socketcluster/	chrome-extension://lmhkpmbekcpmknklioeibfkpmmfibljd
2023-08-21	00:36:44	a4139b1a-5dd8-43e1-b4be-4cba4b309fa0	GET	/socketcluster/	chrome-extension://lmhkpmbekcpmknklioeibfkpmmfibljd
2023-08-21	00:36:44	8337369f-d08b-4ac0-9ada-b0d109641e16	GET	/socketcluster/	chrome-extension://lmhkpmbekcpmknklioeibfkpmmfibljd
2023-08-21	00:36:45	fe70856a-fdd9-4a7e-8af4-ce4ebdf3e6e9	GET	/socketcluster/	chrome-extension://lmhkpmbekcpmknklioeibfkpmmfibljd
2023-08-21	00:36:45	1822d784-b358-4ebd-9bfd-4e2ff5679b70	GET	/socketcluster/	chrome-extension://lmhkpmbekcpmknklioeibfkpmmfibljd
2023-08-21	00:36:46	ec338f88-399f-438e-b2ca-4397d7c974cb	GET	/socketcluster/	chrome-extension://lmhkpmbekcpmknklioeibfkpmmfibljd
2023-08-21	00:36:47	1e22d8e6-ed4d-4ccd-a799-8aa8c0e26ebe	GET	/socketcluster/	chrome-extension://lmhkpmbekcpmknklioeibfkpmmfibljd
2023-08-21	00:36:47	6d2b2ada-fdf9-4d0b-b51f-b4a62daadaec	GET	/socketcluster/	chrome-extension://lmhkpmbekcpmknklioeibfkpmmfibljd
2023-08-21	00:36:48	a1d157ca-3a8e-49bc-aff7-23c3f1ad571d	GET	/socketcluster/	chrome-extension://lmhkpmbekcpmknklioeibfkpmmfibljd
2023-08-21	00:36:51	be1a8681-c74e-4e1d-bdd3-a9e5f91e3c6e	GET	/socketcluster/	chrome-extension://lmhkpmbekcpmknklioeibfkpmmfibljd
2023-08-21	00:36:53	9b979570-ee09-4fcd-859b-01f740f9c8ea	GET	/socketcluster/	chrome-extension://lmhkpmbekcpmknklioeibfkpmmfibljd
2023-08-21	00:37:51	cb10f807-67a0-4ee5-9bbc-65cd18464118	GET	/socketcluster/	chrome-extension://lmhkpmbekcpmknklioeibfkpmmfibljd
2023-08-21	00:37:54	63febaa0-75e3-435f-8e1b-53e2be5ef6e8	GET	/socketcluster/	chrome-extension://lmhkpmbekcpmknklioeibfkpmmfibljd
2023-08-21	00:37:59	6ea7d815-70e0-4665-87a6-c2cf935feaf9	GET	/socketcluster/	chrome-extension://lmhkpmbekcpmknklioeibfkpmmfibljd
2023-08-21	00:38:02	bd5878e9-c321-47f9-a0d8-f5d3cc44a128	GET	/socketcluster/	chrome-extension://lmhkpmbekcpmknklioeibfkpmmfibljd
2023-08-21	00:38:05	3afc5030-84b2-4396-915c-fdb703b9386d	GET	/socketcluster/	chrome-extension://lmhkpmbekcpmknklioeibfkpmmfibljd
2023-08-21	00:38:08	00010a5d-c9eb-49bd-baa6-db385a8ad810	GET	/socketcluster/	chrome-extension://lmhkpmbekcpmknklioeibfkpmmfibljd
2023-08-21	00:38:39	ec7155f8-c3e6-4978-95ef-caff5f275733	GET	/socketcluster/	chrome-extension://lmhkpmbekcpmknklioeibfkpmmfibljd
2023-08-21	00:39:03	9f9bef5d-da29-4996-8aa9-20ca96f44d61	GET	/users	http://localhost:5173
2023-08-21	00:39:38	e4c270bc-d0da-4993-9c23-5622fb181785	GET	/users	http://localhost:5173
2023-08-21	00:40:13	58092402-6f67-428b-88d0-a29247877943	GET	/users	http://localhost:5173
2023-08-21	00:40:15	a87a5a67-1e25-442d-98c8-1030294bbc29	GET	/users	http://localhost:5173
2023-08-21	00:40:24	ed93a68a-21e1-4d70-9c69-9375958badf8	GET	/users	http://localhost:5173
2023-08-21	00:40:24	eca30a9b-f698-4819-be4a-2bc7c484d569	GET	/notes	http://localhost:5173
2023-08-21	00:40:24	d8140e05-8fca-458c-a4ce-1b9fec9f1e10	GET	/users	http://localhost:5173
2023-08-21	00:40:44	0b7c3ad3-5830-4cdb-88bf-50e3f471e8aa	GET	/users	http://localhost:5173
2023-08-21	00:40:49	7d860352-000e-4d3f-9005-04a8a06267be	GET	/users	http://localhost:5173
2023-08-21	00:40:51	faaf5269-3e2c-4d58-908e-dabc3fa03c9e	GET	/notes	http://localhost:5173
2023-08-21	00:40:51	716a32eb-50ae-4c44-954d-8ecded109522	GET	/users	http://localhost:5173
2023-08-21	00:41:09	2a0fc115-68cf-4123-9386-676889d0d06f	OPTIONS	/	http://localhost:5173
2023-08-21	00:41:09	4ef3109d-843a-4f0e-a6cd-f19b149293f3	POST	/	http://localhost:5173
2023-08-21	00:41:09	21169b8f-c01d-453f-985c-438449df46b4	GET	/users	http://localhost:5173
2023-08-21	00:43:24	a7c58a19-d675-4d11-b9e8-cd17a649287b	OPTIONS	/	http://localhost:5173
2023-08-21	00:43:24	e9f4d337-2f19-4f77-8ef1-8dc2c19a9150	POST	/	http://localhost:5173
2023-08-21	00:43:24	96432249-721c-4305-9ffd-76191156e1c9	GET	/users	http://localhost:5173
2023-08-21	00:45:24	9e19aa11-28e1-4920-b3a5-267d6db429f3	GET	/notes	http://localhost:5173
2023-08-21	00:45:24	51eacc70-e03c-4fe3-a898-36c5893042ce	GET	/users	http://localhost:5173
2023-08-21	00:45:29	ed6794ff-68a7-4463-9bc5-fe1b633c4756	GET	/notes	http://localhost:5173
2023-08-21	00:45:29	de39d6db-5971-40fb-bc24-405832f10c54	GET	/users	http://localhost:5173
2023-08-21	00:45:47	a5858589-c701-4e98-bd3d-7cdde5fa5235	OPTIONS	/	http://localhost:5173
2023-08-21	00:45:47	8ad449f2-1460-4139-a2ca-dd36f840893e	POST	/	http://localhost:5173
2023-08-21	00:45:47	63f36cc8-5573-4ef2-8602-d5e991f0a729	GET	/users	http://localhost:5173
2023-08-21	00:49:27	b5269e6e-e26e-4961-9641-471a285303f4	OPTIONS	/	http://localhost:5173
2023-08-21	00:49:27	baab4a80-e4af-49bc-b64f-b25ae96cd77f	POST	/	http://localhost:5173
2023-08-21	00:49:27	7954995b-4195-4751-b0fc-d496e268de72	GET	/users	http://localhost:5173
2023-08-21	01:10:19	2c4245d7-1560-4d8b-acae-badc14fbaae3	OPTIONS	/	http://localhost:5173
2023-08-21	01:10:19	bca914bf-6ef7-4ed2-94ef-0bcb535eeda9	POST	/	http://localhost:5173
2023-08-21	01:10:19	c39cdca0-cbba-45eb-bcbe-b37a5878ba58	GET	/users	http://localhost:5173
2023-08-21	01:13:31	0b288cb6-aee0-4650-866e-3612c3537f2a	POST	/users	undefined
2023-08-21	01:13:51	8f326470-57e0-470a-b3e2-1e27c63abf8b	POST	/users	undefined
2023-08-21	01:15:12	65f931b8-785d-449a-ac5e-55ce4d251f51	GET	/notes	http://localhost:5173
2023-08-21	01:15:12	aa2cffdf-5ae1-4082-b9af-4c40d88f5562	GET	/users	http://localhost:5173
2023-08-21	01:15:16	e5a162f9-a14b-4667-ab1b-12c774cbbcb5	GET	/notes	http://localhost:5173
2023-08-21	01:15:16	184a7fdf-e17a-4dff-88db-01e5d34c9079	GET	/users	http://localhost:5173
2023-08-21	01:15:35	2d7c7052-19e8-4256-a303-9cfb418b8e94	OPTIONS	/	http://localhost:5173
2023-08-21	01:15:35	101cf578-f1e2-4737-ba75-6e4567da3e96	POST	/	http://localhost:5173
2023-08-21	01:15:35	b1467e5b-d242-470a-ac99-12af607f58b8	GET	/users	http://localhost:5173
2023-08-21	01:16:24	71e71c37-d428-43c0-ace5-5992349c67cc	GET	/notes	http://localhost:5173
2023-08-21	01:16:24	eeddf692-d9f1-4cd9-bf93-7f3de2742c6e	GET	/users	http://localhost:5173
2023-08-21	01:22:20	0f4190bd-c41e-48ca-9526-c67154357f95	OPTIONS	/	http://localhost:5173
2023-08-21	01:22:20	efbb5de9-5929-4545-ae47-1007a5d7b2c9	POST	/	http://localhost:5173
2023-08-21	01:22:20	3ab44ba7-6c9f-49f4-b579-d951c4274d6a	GET	/users	http://localhost:5173
2023-08-21	01:25:27	d0364c8d-57d2-4a61-ac64-e9da375f9443	OPTIONS	/	http://localhost:5173
2023-08-21	01:25:27	680c8b64-2f23-439b-8756-9b9b77d21605	POST	/	http://localhost:5173
2023-08-21	01:25:27	273eec51-e070-474e-b4e9-d071dde276bd	GET	/users	http://localhost:5173
2023-08-21	01:40:04	9f4192e7-4ae7-4f4d-ad93-da6f10071cb9	GET	/notes	http://localhost:5173
2023-08-21	01:40:04	e97f75b5-e393-4818-87e1-9b9d95fd7499	GET	/users	http://localhost:5173
2023-08-21	08:57:01	dbf96466-018a-4010-b565-1040a81d83a4	OPTIONS	/users	http://localhost:5173
2023-08-21	08:57:01	bd372df1-048d-4dc0-a366-e7dee3222c55	POST	/users	http://localhost:5173
2023-08-21	08:57:02	d7a233c1-8161-4984-b80a-f665a05d6dc2	GET	/users	http://localhost:5173
2023-08-21	08:57:02	12a60497-1552-4b75-a242-8d10f8cb03bb	GET	/users	http://localhost:5173
2023-08-21	08:57:07	89aab938-c749-4805-89b2-e146e1e4f73b	GET	/users	http://localhost:5173
2023-08-21	09:05:43	4e877a20-f974-4d8d-b353-ebb0bb2273ac	GET	/notes	http://localhost:5173
2023-08-21	09:05:43	1c86bfcc-37f2-48f5-bac7-fabc672f51dd	GET	/users	http://localhost:5173
2023-08-21	09:16:37	f53252b3-ebf8-42a1-955f-ea3c2d85d9c9	GET	/users	http://localhost:5173
2023-08-21	09:17:37	364ba3e5-0f7f-4437-aeec-932aef558839	GET	/users	http://localhost:5173
2023-08-21	09:18:26	8f010e98-1591-4512-853d-2c34eb4a9ad2	GET	/users	http://localhost:5173
2023-08-21	09:19:27	a0412d2b-f008-46e9-933a-5834e9d2c045	GET	/users	http://localhost:5173
2023-08-21	09:20:28	e2d72e0b-5ee9-4f37-a454-08e6c74710bc	GET	/users	http://localhost:5173
2023-08-21	09:21:29	5bb1f011-b60a-4243-92cf-1176f48c6a51	GET	/users	http://localhost:5173
2023-08-21	09:22:30	30ad57d8-d8f0-494c-96a9-ce510ea6244b	GET	/users	http://localhost:5173
2023-08-21	09:23:31	75fe19c2-ea58-4bf1-b014-7bf323a6261b	GET	/users	http://localhost:5173
2023-08-21	09:24:32	3da28066-e5af-468f-a0c9-f00de49222fd	GET	/users	http://localhost:5173
2023-08-21	09:25:33	f8dfa841-e503-4b15-b68b-c75a9a6ce5d8	GET	/users	http://localhost:5173
2023-08-21	09:26:34	905b0b11-2fbd-4059-b7dd-5933a45971fb	GET	/users	http://localhost:5173
2023-08-21	09:27:35	4f8f3997-7196-4ecc-b23c-68d0a416e0a4	GET	/users	http://localhost:5173
2023-08-21	09:28:36	2e863f09-f4d8-410e-a85c-3336fb8b2645	GET	/users	http://localhost:5173
2023-08-21	09:29:22	e2a7cd09-19c4-4a04-b2ba-8f0ecf7385aa	GET	/users	http://localhost:5173
2023-08-21	09:30:22	678eb6dc-b434-4c63-9bf9-97ced90d1fd2	GET	/users	http://localhost:5173
2023-08-21	09:31:23	06893833-ce8a-4f96-8c5e-c32b36951b02	GET	/users	http://localhost:5173
2023-08-21	09:31:34	9810ce2e-160b-4788-9f79-1c236ca7439a	GET	/users	http://localhost:5173
2023-08-21	09:31:47	dadafc8f-6465-47b6-922d-fcbc6a9bc80e	OPTIONS	/users	http://localhost:5173
2023-08-21	09:31:47	31efc2f4-3172-4adb-a58c-717561b40752	DELETE	/users	http://localhost:5173
2023-08-21	09:31:48	76c52b26-65f3-4682-8fa7-5d171c83fe39	GET	/users	http://localhost:5173
2023-08-21	09:31:48	6cb5fc9e-df31-44c5-81bc-5907a4acca48	GET	/users	http://localhost:5173
2023-08-21	09:32:49	e15a579d-ab42-4729-81b1-7ffb6088fcc1	GET	/users	http://localhost:5173
2023-08-21	09:33:50	8c820f8d-babe-4254-8641-45c731922ee4	GET	/users	http://localhost:5173
2023-08-21	09:34:51	37279c36-66cb-4f47-a482-e741b207200a	GET	/users	http://localhost:5173
2023-08-21	09:35:52	b35ded23-ba68-484b-b743-02be6c75b5da	GET	/users	http://localhost:5173
2023-08-21	09:36:53	f20e9dcb-c1f6-4024-a418-8aab542c33f4	GET	/users	http://localhost:5173
2023-08-21	09:37:54	d915a262-abd8-4cf3-8f96-ee0f3d7098af	GET	/users	http://localhost:5173
2023-08-21	09:38:55	9ace9ab8-6eea-4808-8ac7-f851ed78aa0f	GET	/users	http://localhost:5173
2023-08-21	09:39:56	3498c2f7-441b-4508-be85-3025a9be8326	GET	/users	http://localhost:5173
2023-08-21	09:40:57	b88a55f9-9f5b-4297-9a49-233d10d53188	GET	/users	http://localhost:5173
2023-08-21	09:41:58	6eae45cf-60b3-4937-89df-57de7dc85b94	GET	/users	http://localhost:5173
2023-08-21	09:42:59	9f79a0c8-2c13-459a-b476-4cb094106273	GET	/users	http://localhost:5173
2023-08-21	10:51:59	8f1bccd9-0f57-4696-87a4-1a94ba3ba0b6	GET	/users	http://localhost:5173
2023-08-21	10:51:59	bd7c2934-bdd1-4a87-a9f2-7e2f434165b4	GET	/notes	http://localhost:5173
2023-08-21	10:52:11	39bd1f10-bee2-48a3-856a-0dffcafd1f1c	GET	/users	http://localhost:5173
2023-08-21	10:53:11	36c5c76f-c788-4289-844a-91dc5d66d01c	GET	/users	http://localhost:5173
2023-08-21	10:54:37	e8021e71-3ae2-4989-91e3-b0defdcf9ee3	GET	/users	http://localhost:5173
2023-08-21	10:54:37	ba896cf7-5d1f-484a-9faa-f4ec12bf9b16	GET	/notes	http://localhost:5173
2023-08-21	10:54:40	577a9284-7fe8-4c70-87dd-eabd868db94f	GET	/users	http://localhost:5173
2023-08-21	10:57:06	f13a0638-5c7d-45c6-b39a-2ef4ce6cc225	GET	/users	http://localhost:5173
2023-08-21	10:57:07	d3fb9140-d91b-4431-9ebf-230c73b63104	GET	/users	http://localhost:5173
2023-08-21	10:57:07	ad4eaa8b-8ee4-4841-8021-4a9ffd093ba0	GET	/notes	http://localhost:5173
2023-08-21	10:57:07	d62f1562-95c3-4c09-bcce-b67fcc0c5de4	GET	/users	http://localhost:5173
2023-08-21	10:58:07	0b4b798e-924d-4b85-b918-eba0bd30a2f3	GET	/users	http://localhost:5173
2023-08-21	10:59:09	f5df3d3d-76c3-4016-96b6-09d6cf51c060	GET	/users	http://localhost:5173
2023-08-21	11:00:08	57f099f3-a005-4448-b594-8a8c04c769bd	GET	/users	http://localhost:5173
2023-08-21	11:00:08	8c02e258-40f2-461d-9823-3d57414c72d0	GET	/notes	http://localhost:5173
2023-08-21	11:00:09	39ff0634-f4aa-49e0-9b01-59245fcb7402	GET	/users	http://localhost:5173
2023-08-21	11:10:49	174b6784-db12-4b7c-9dde-fad82437a694	GET	/users	http://localhost:5173
2023-08-21	11:10:51	337d665e-5b49-4700-aca0-1c1d2833a4d0	GET	/users	http://localhost:5173
2023-08-21	11:10:51	a6ba77aa-9e3c-4130-a159-e797ea724a0a	GET	/notes	http://localhost:5173
2023-08-21	11:11:11	98b10bd1-c6a3-4332-aac9-f94bcd07737f	GET	/users	http://localhost:5173
2023-08-21	11:13:43	8795f791-3d23-47d5-8609-4b538a4d7bde	GET	/notes	http://localhost:5173
2023-08-21	11:13:43	a7352c0b-b8d3-4236-aee1-e7d0c950d68b	GET	/users	http://localhost:5173
2023-08-21	11:13:58	cbd1ad31-360f-476e-a385-3e2aed04fc3c	GET	/notes	http://localhost:5173
2023-08-21	11:14:14	4ace82fa-ccc7-4320-9fd1-2e3a45ba70c7	GET	/notes	http://localhost:5173
2023-08-21	11:14:30	e7bd311b-6c3b-47be-8478-fb112199bee8	GET	/notes	http://localhost:5173
2023-08-21	11:14:45	96cbc56d-629d-49fc-9dd6-70c600c73efa	GET	/notes	http://localhost:5173
2023-08-21	11:15:01	72d91467-148c-4635-9bb1-9012c107e192	GET	/notes	http://localhost:5173
2023-08-21	11:15:16	84f6e7d2-8adf-4e52-86c8-a7732ae2d03f	GET	/notes	http://localhost:5173
2023-08-21	11:15:32	f710a8d9-4a90-40e6-8c8e-b27b2685be59	GET	/notes	http://localhost:5173
2023-08-21	11:16:48	50f1b5b7-1287-45f1-a05d-f7a06770154f	GET	/notes	http://localhost:5173
2023-08-21	11:16:48	2842dbf4-9c46-45a0-ba6e-5a7d62039f39	GET	/users	http://localhost:5173
2023-08-21	11:17:08	93fbce65-d1e0-4311-bb46-4392f231508d	GET	/notes	http://localhost:5173
2023-08-21	11:17:17	9f480933-d7be-42e8-8bed-f38be951e797	GET	/notes	http://localhost:5173
2023-08-21	11:17:33	1f34056f-ee20-4846-ab25-f2703e24d9b5	GET	/notes	http://localhost:5173
2023-08-21	12:34:25	5328e74d-743c-4ee6-9068-813209d10b42	GET	/notes	http://localhost:5173
2023-08-21	12:34:25	a2c58f1d-c3f1-4316-96d5-ff6d1c39ada8	GET	/users	http://localhost:5173
2023-08-21	12:35:00	a690353e-0756-4c8b-8868-281dc3b93635	GET	/notes	http://localhost:5173
2023-08-21	12:35:21	ccb96791-cb1f-4c25-a07b-034562bf0073	GET	/notes	http://localhost:5173
2023-08-21	12:35:39	34e02f65-cd0a-4ad1-81ae-777b16ebcccc	GET	/notes	http://localhost:5173
2023-08-21	12:35:55	d26ed62a-1a61-4427-afde-4ae228faaad6	GET	/notes	http://localhost:5173
2023-08-21	12:36:11	1f1a9ca1-18fd-4362-b15c-cc7fc7581086	GET	/notes	http://localhost:5173
2023-08-21	12:36:28	fd564677-97ac-437b-8eec-a7b823a331d6	GET	/notes	http://localhost:5173
2023-08-21	12:36:43	6f5797d2-f274-4e8a-8809-0e8e2ea1c362	GET	/notes	http://localhost:5173
2023-08-21	12:37:18	b3ad72f7-b6d7-4218-8534-2870068723c0	GET	/notes	http://localhost:5173
2023-08-21	13:09:25	31583f2e-a7f9-47b8-bbce-e664f29f7335	GET	/notes	http://localhost:5173
2023-08-21	13:09:53	9b200157-ba8f-46a9-b1d0-71e925ff1608	GET	/notes	http://localhost:5173
2023-08-21	13:10:10	03b5fe3b-4b95-4660-a961-4fbce51b8c6d	GET	/notes	http://localhost:5173
2023-08-21	13:10:16	c866f5ab-ff72-41f2-8af5-074afc05b12a	GET	/notes	http://localhost:5173
2023-08-21	13:10:34	26a31c2f-af7d-4439-a1fa-57a206c02da2	GET	/notes	http://localhost:5173
2023-08-21	13:10:50	6575c440-4f42-4896-a23d-a0b36a70ea5a	GET	/notes	http://localhost:5173
2023-08-21	13:11:07	753511fc-2004-4b7d-a7c7-268f54b43716	GET	/notes	http://localhost:5173
2023-08-21	13:11:23	04d1ad1c-7864-4b9e-8747-a34edee3497b	GET	/notes	http://localhost:5173
2023-08-21	13:11:41	922eec03-06aa-45f7-b497-a6ef88ba07dd	GET	/notes	http://localhost:5173
2023-08-21	13:12:00	8371b4c9-880a-4db1-ba67-f8ca3f978c7c	GET	/notes	http://localhost:5173
2023-08-21	13:12:16	ca4798c8-90bf-4896-bb82-ef4219657eb0	GET	/notes	http://localhost:5173
2023-08-21	13:12:32	ccfc0b78-2180-471e-afed-bbd7cbb07f65	GET	/notes	http://localhost:5173
2023-08-21	13:12:51	f96ba056-894c-4ead-9620-bdaee8778baa	GET	/notes	http://localhost:5173
2023-08-21	13:13:09	0ced9fa4-4629-4ef5-af84-705727d8e4aa	GET	/notes	http://localhost:5173
2023-08-21	13:13:25	c8b4aec8-486e-4785-a301-eed0122a9792	GET	/notes	http://localhost:5173
2023-08-21	13:13:43	3e69f0ea-0e6b-4fe2-8b85-cb5261df8c84	GET	/notes	http://localhost:5173
2023-08-21	13:13:59	54cd6578-74c0-4964-a3ba-fc433aae7794	GET	/notes	http://localhost:5173
2023-08-21	13:14:16	9fe530a2-f4ad-4456-acb0-6b8729282951	GET	/notes	http://localhost:5173
2023-08-21	13:14:32	8ab718be-0a8f-455b-9d5d-815ff6e99578	GET	/notes	http://localhost:5173
2023-08-21	13:14:48	cecb85ea-a0b4-4930-b4a3-d3e34aa28aa7	GET	/notes	http://localhost:5173
2023-08-21	13:15:04	5a3282e6-92a9-4c6a-9ed9-8b93097a9f4e	GET	/notes	http://localhost:5173
2023-08-21	13:15:21	8a101e87-3084-4987-9b28-9d624c2e9f89	GET	/notes	http://localhost:5173
2023-08-21	13:15:37	eeefe341-c30f-4152-898d-9fb92e1a2cc4	GET	/notes	http://localhost:5173
2023-08-21	13:15:54	5cd5fb12-2fb3-4187-8c7c-d994f191b3ee	GET	/notes	http://localhost:5173
2023-08-21	13:16:10	a6cd8e6b-b210-4848-af66-0f7db14d94db	GET	/notes	http://localhost:5173
2023-08-21	13:16:26	ead434e6-a475-4d9e-8a84-d84d179ba9a1	GET	/notes	http://localhost:5173
2023-08-21	13:16:42	f4f7e654-bd53-47cb-b8a5-e426e2c28d20	GET	/notes	http://localhost:5173
2023-08-21	13:17:02	118eccf7-3fc4-4a40-b7a9-99dce1fa8a7a	GET	/notes	http://localhost:5173
2023-08-21	13:17:18	e8d7a505-89ea-437a-b7a1-39de274624e1	GET	/notes	http://localhost:5173
2023-08-21	13:17:35	60406cc1-f310-4a89-ad6b-ada7f7284fed	GET	/notes	http://localhost:5173
2023-08-21	13:17:48	566d4a2f-81bc-4b02-983d-b3f4c0d57553	GET	/notes	http://localhost:5173
2023-08-21	13:17:53	f1a2e8e7-a8b7-4613-80b1-547aa6d23642	GET	/notes	http://localhost:5173
2023-08-21	13:17:56	89526028-d4ea-4f5e-af4f-e9eb7c4a7d85	GET	/notes	http://localhost:5173
2023-08-21	13:18:12	e040ec5b-111e-454b-9c07-a8aa2568e212	GET	/notes	http://localhost:5173
2023-08-21	13:18:29	456a6fa3-7256-4a74-98dc-42c94ff00605	GET	/notes	http://localhost:5173
2023-08-21	13:18:45	bf3429ab-6a17-42d1-9633-7415d36d08ee	GET	/notes	http://localhost:5173
2023-08-21	13:19:06	04936ac5-b10d-4ac8-91c0-d0168fefe1a3	GET	/notes	http://localhost:5173
2023-08-21	13:19:23	1947fd0b-7baa-4a7d-8f71-081e841ca170	GET	/notes	http://localhost:5173
2023-08-21	13:19:40	9f262f10-97e0-42e8-9918-734ba7a437f2	GET	/notes	http://localhost:5173
2023-08-21	13:19:56	7350ec24-af2e-422b-bb11-db9fda878ce8	GET	/notes	http://localhost:5173
2023-08-21	13:20:11	80eee767-e6ce-4e7b-9283-6e28bb1e02ce	GET	/notes	http://localhost:5173
2023-08-21	13:20:27	a084738f-b4fc-4927-978c-44872dd65acd	GET	/notes	http://localhost:5173
2023-08-21	13:20:44	0b192985-81a1-4490-8118-b556f04b7f91	GET	/notes	http://localhost:5173
2023-08-21	13:21:02	56db2977-d054-4b26-b1e4-bc1e5dcf49d1	GET	/notes	http://localhost:5173
2023-08-21	13:21:18	51d97264-1733-4ceb-a294-0d94cf4a9334	GET	/notes	http://localhost:5173
2023-08-21	13:21:35	7dc29f7a-ccc4-4dbd-a5f0-c9e0b3f96c8d	GET	/notes	http://localhost:5173
2023-08-21	13:21:53	6d2faaaf-8f0d-4dd1-b5f8-0ddc76198804	GET	/notes	http://localhost:5173
2023-08-21	13:22:10	d5ce95ed-8f56-455a-bae4-34236070f3e5	GET	/notes	http://localhost:5173
2023-08-21	13:22:29	08b91351-16d5-4640-8d41-70d4b8b88cc0	GET	/notes	http://localhost:5173
2023-08-21	13:22:50	22dc7ca3-80b3-46b2-b4a5-eb4d0a62af75	GET	/notes	http://localhost:5173
2023-08-21	13:23:09	622851f7-0e6b-4ca3-9aa5-c8592ee13a73	GET	/notes	http://localhost:5173
2023-08-21	13:23:27	7a281828-2db6-4cd3-ba89-2567eb9e2e6b	GET	/notes	http://localhost:5173
2023-08-21	13:23:39	31e56aab-4227-4854-a105-3dfa2dc91f9a	GET	/notes	http://localhost:5173
2023-08-21	13:29:09	f58d2bf7-133f-48dd-890c-0d4d3e629f46	GET	/notes	http://localhost:5173
2023-08-21	13:29:09	c554f752-df78-402a-a425-097f684fce01	GET	/users	http://localhost:5173
2023-08-21	13:32:11	49b0ebdb-aea2-4db4-b441-efe2f185b7ec	GET	/notes	http://localhost:5173
2023-08-21	13:32:11	bbe4593e-e87b-4b51-8275-f2a05ff2bfcc	GET	/users	http://localhost:5173
2023-08-21	13:34:13	9569f266-3e5c-41b0-a92b-9ee1b5b5964f	GET	/notes	http://localhost:5173
2023-08-21	13:34:14	d29e4694-1546-4e0e-94f4-61fc46ba2234	GET	/users	http://localhost:5173
2023-08-21	13:35:00	0e62292e-c338-4019-8a2e-d19763b926b3	GET	/notes	http://localhost:5173
2023-08-21	13:35:00	4d1cc025-5369-475a-9d3b-5c2cd432060a	GET	/users	http://localhost:5173
2023-08-21	13:57:02	888b0cef-90f7-461a-8460-4d55da13d515	OPTIONS	/notes	http://localhost:5173
2023-08-21	13:57:02	e244f80f-9158-4364-bc4d-abce1a9a2564	PATCH	/notes	http://localhost:5173
2023-08-21	13:57:03	484fecee-ad78-4a85-8334-316454b2119a	GET	/notes	http://localhost:5173
2023-08-21	13:58:45	50b5b2a9-f13f-4d9c-a692-3e5a9a02c0ce	OPTIONS	/notes	http://localhost:5173
2023-08-21	13:58:45	6e67c126-62f8-4c86-8464-2f8737741c58	PATCH	/notes	http://localhost:5173
2023-08-21	13:58:45	69d892e0-2ad5-4892-a02c-b0a216086785	GET	/notes	http://localhost:5173
2023-08-21	13:59:57	2f5dfc2b-2cf4-4d37-b8cd-a02635fff5e7	OPTIONS	/notes	http://localhost:5173
2023-08-21	13:59:57	27b4d65b-d307-4061-abc1-99a25f6512b6	PATCH	/notes	http://localhost:5173
2023-08-21	13:59:57	207bdd44-9724-4238-92ac-72811c2e6252	GET	/notes	http://localhost:5173
2023-08-21	14:01:35	4a66d8fc-f840-4c51-88d0-d9b0b7224554	OPTIONS	/notes	http://localhost:5173
2023-08-21	14:01:35	f589acda-ec4c-4ce6-b569-b90abb170900	PATCH	/notes	http://localhost:5173
2023-08-21	14:01:35	3a08ca46-4587-441b-a222-58b76d32941c	GET	/notes	http://localhost:5173
2023-08-21	14:06:12	8cdfd7bc-2d42-432b-aaae-08664712b443	OPTIONS	/notes	http://localhost:5173
2023-08-21	14:06:12	0eb5ef2f-16b4-470f-be45-e27d1cd9aeca	PATCH	/notes	http://localhost:5173
2023-08-21	14:06:12	290236d6-e4ee-498f-920e-dc9e0b40ab3f	GET	/notes	http://localhost:5173
2023-08-21	14:06:31	2ba85516-ee9f-4a1f-920b-cf12bc54c1e5	GET	/notes	http://localhost:5173
2023-08-21	14:06:49	c0727fc6-d0a4-4a53-bee5-678d165f355e	GET	/notes	http://localhost:5173
2023-08-21	14:07:05	095e39d3-77da-4fd5-aa7e-597f4054ec90	GET	/notes	http://localhost:5173
2023-08-21	14:07:21	f3d1eae7-51f8-433b-ad0c-ed1803e0a1fa	GET	/notes	http://localhost:5173
2023-08-21	14:07:38	b9863a71-c509-45fa-ac6e-14c3c625cb66	GET	/notes	http://localhost:5173
2023-08-21	14:07:54	265b6e8e-bc5b-47a2-9afd-6fb6528e8af9	GET	/notes	http://localhost:5173
2023-08-21	14:08:11	609b0235-0ef5-4f63-b559-29c0a42d2b51	GET	/notes	http://localhost:5173
2023-08-21	14:08:28	f024e76c-da7c-4e24-875d-8fbd62f11072	GET	/notes	http://localhost:5173
2023-08-21	14:08:44	35640f62-b206-4ca5-96b9-af2210efe37f	GET	/notes	http://localhost:5173
2023-08-21	14:09:01	79afbfd5-f32e-458d-85c5-d3bcf7800d31	GET	/notes	http://localhost:5173
2023-08-21	14:09:17	fdd41deb-2fcc-46ff-804d-a59ee15b65ac	GET	/notes	http://localhost:5173
2023-08-21	14:10:28	c3daf411-61b8-4954-a80d-7f6d733c6d7e	GET	/notes	http://localhost:5173
2023-08-21	14:10:28	e09971f1-10df-4e5a-8085-bd851d396116	GET	/users	http://localhost:5173
2023-08-21	14:10:44	44539ca3-d68f-4e67-864a-582e97e9cc97	GET	/notes	http://localhost:5173
2023-08-21	14:12:03	5b46c74a-48a4-4806-a50d-865b8a18cd71	GET	/notes	http://localhost:5173
2023-08-21	14:12:03	d9a3df84-e689-4084-917f-5091ce8bad40	GET	/users	http://localhost:5173
2023-08-21	14:12:11	02679901-263d-4f69-a048-71d563d15034	GET	/notes	http://localhost:5173
2023-08-21	14:12:11	3149ee1c-d04d-4593-8e56-30e0751960b7	GET	/users	http://localhost:5173
2023-08-21	14:12:53	44888ad3-763c-4f9c-bbb5-a949670f4637	OPTIONS	/notes	http://localhost:5173
2023-08-21	14:12:53	a6c55390-d99b-4821-a2d4-44281a684633	PATCH	/notes	http://localhost:5173
2023-08-21	14:12:54	3d32b699-cc63-428a-8b97-a593052201ae	GET	/notes	http://localhost:5173
2023-08-21	14:13:16	354a3a64-4ba0-469d-b5a8-cfdde9ca8871	GET	/notes	http://localhost:5173
2023-08-21	14:13:34	f5c11611-6da4-4257-b54b-1625b26c688b	GET	/notes	http://localhost:5173
2023-08-21	14:15:07	1cdcdc3d-0fc1-4d1e-9619-720e9e4e8a28	OPTIONS	/notes	http://localhost:5173
2023-08-21	14:15:07	c23d61c1-934b-4ea8-9411-3b857e1b2651	PATCH	/notes	http://localhost:5173
2023-08-21	14:15:50	dfcdcf1d-1f07-4736-b4a3-9fb52b14fa2a	OPTIONS	/notes	http://localhost:5173
2023-08-21	14:15:50	3b94e50f-5679-432a-a464-63ad45fdec41	PATCH	/notes	http://localhost:5173
2023-08-21	14:16:32	32987a66-e8c8-4eaf-a77e-dcfcba4abb9f	OPTIONS	/notes	http://localhost:5173
2023-08-21	14:16:32	16ebae41-7158-4b4c-9a4b-85699efce550	PATCH	/notes	http://localhost:5173
2023-08-21	14:53:45	5a68beeb-8e16-4c39-8ca8-6b817ac2536e	GET	/notes	http://localhost:5173
2023-08-21	14:53:45	03122f3f-8930-49cc-b372-da17141ac8dc	GET	/users	http://localhost:5173
2023-08-21	14:58:04	9e415595-d1e9-405b-98ee-58c6b3165886	OPTIONS	/notes	http://localhost:5173
2023-08-21	14:58:04	e3f3ff9b-c380-4419-bb42-f3f5c703aeed	POST	/notes	http://localhost:5173
2023-08-21	15:00:20	4b545517-3b6d-4101-8317-65b10d4ad951	OPTIONS	/notes	http://localhost:5173
2023-08-21	15:00:20	413ea6c0-c2ab-49f6-ad9c-cf886b7b42f3	POST	/notes	http://localhost:5173
2023-08-21	15:01:38	07ebb4bd-69e1-41f5-8fc1-4048d48af391	GET	/notes	http://localhost:5173
2023-08-21	15:01:38	4ac33dc5-9fb4-402b-aa4a-db11ad58932e	GET	/users	http://localhost:5173
2023-08-21	15:06:20	3bb423a7-846c-4372-9aa6-dcf3014756ee	GET	/notes	http://localhost:5173
2023-08-21	15:18:29	56db4eb2-4756-41f5-94a5-eb54546f4b5e	GET	/users	http://localhost:5173
2023-08-21	18:51:52	86f192a7-d71b-4b4f-9008-42ffe6b4c5be	GET	/users	undefined
2023-08-21	18:52:15	a369db93-9b8d-49d4-8f67-310d38e62f9b	GET	/notes	undefined
2023-08-21	18:53:53	72808bc3-fbb5-4d92-b552-054126b82b46	GET	/auth	undefined
2023-08-21	18:54:05	15f78537-7ad5-42ed-8575-6ab9d76094c6	POST	/auth	undefined
2023-08-21	18:54:13	064ab95e-29f4-41eb-9b51-b70d2e1e54c1	POST	/auth	undefined
2023-08-21	18:54:14	ef608813-c0c8-4b47-aff9-9c0c86b85a71	POST	/auth	undefined
2023-08-21	18:54:17	cbc336dc-69e5-4556-9c41-d71dae7e941f	POST	/auth	undefined
2023-08-21	18:58:03	e5d57fc0-a3b3-4b90-8cef-77d1ecdf6439	POST	/auth	undefined
2023-08-21	18:58:32	bdd460b7-a2e3-4405-baba-d3058cccbaf3	POST	/auth	undefined
2023-08-21	19:00:08	91103050-775a-41fa-a6b6-3b0be7182532	POST	/users	undefined
2023-08-21	19:00:31	0959cce1-1a30-4edd-b634-fdcce1193916	POST	/users	undefined
2023-08-21	19:01:33	5b970030-2ca4-4c13-97ec-a823b516ca9e	POST	/users	undefined
2023-08-21	19:02:08	0f074852-a6ed-45c8-803c-0aaf841c17cf	POST	/users	undefined
2023-08-21	19:03:04	4ca868a3-a11c-4a7c-b7e1-d08624fe3966	POST	/auth	undefined
2023-08-21	19:03:58	93746ef7-2fbd-4cef-91d0-69d4b5f359f4	POST	/auth	undefined
2023-08-21	19:05:03	4edc9c1c-c9c8-4b58-ad4f-cbf54ec6cd55	POST	/auth	undefined
2023-08-21	19:06:10	fe1af248-eb45-4633-ac39-31a4a527b747	POST	/auth	undefined
2023-08-21	19:08:27	3dee0872-d7ba-4eb3-b8cc-7d14fa594073	POST	/auth	undefined
2023-08-21	19:08:52	e4353978-cceb-4a59-9ecd-0af5721bd44a	POST	/auth	undefined
2023-08-21	19:09:15	2dd4aa7a-7c60-44f0-9263-86b5192b5bcc	POST	/auth	undefined
2023-08-21	19:09:41	5800e993-92e8-47e5-9514-c21b334d24d9	POST	/auth	undefined
2023-08-21	19:10:25	bf62bdd3-1515-4f53-9b27-4f6305e57775	POST	/auth	undefined
2023-08-21	19:13:49	8106ff1e-6edb-4fd7-acd1-5e5591c34df5	POST	/auth	undefined
2023-08-21	19:22:17	046b27ff-0663-419d-b7e0-9b7324193c0c	GET	/refresh	undefined
2023-08-21	19:23:28	56d98756-0745-44ad-bf30-70cfdfd02753	GET	/auth/refresh	undefined
2023-08-21	19:24:42	0f49bf06-1896-49e0-9f67-87a2ea3ae00b	GET	/auth/refresh	undefined
2023-08-21	19:26:17	cb644e0a-11ca-4fe1-a443-3f43b2c89cfa	POST	/auth	undefined
2023-08-21	19:29:47	50bb06b1-2740-4f37-80a6-6e8b9287a538	GET	/auth/refresh	undefined
2023-08-21	19:30:36	ffb19a2d-fb76-4e77-acc5-a19a73ff9185	GET	/auth/refresh	undefined
2023-08-21	19:31:05	91e03ba7-ea98-4c0a-ac0d-c1221405b105	POST	/auth/logout	undefined
2023-08-21	19:32:00	828a4902-40be-419f-a616-2350ac4990ba	POST	/auth	undefined
2023-08-21	19:40:11	39d4326b-2447-4dcf-8ddf-6b2196882f60	GET	/notes	undefined
2023-08-21	19:41:39	a59e0d78-e2ce-440f-a02d-02cc3f2aad19	GET	/notes	undefined
2023-08-21	19:44:15	01457f9a-b919-40b1-94e4-bbc880481449	POST	/auth	undefined
2023-08-21	19:44:41	d5986089-5d4b-472e-8a70-5a0610d4b087	GET	/notes	undefined
2023-08-21	19:44:55	a873eaee-b3c3-4c35-987f-7bec29ba3cd2	GET	/users	undefined
2023-08-21	19:45:07	da30a106-47f0-4737-bb16-705ebf3efbd8	GET	/notes	undefined
2023-08-21	19:45:20	82a1ac75-657c-44e0-9378-4637289cdc2a	GET	/notes	undefined
